This is pdfTeX, Version 3.1415926-2.5-1.40.14 (TeX Live 2013) (format=pdflatex 2013.5.30)  21 APR 2014 13:09
entering extended mode
 restricted \write18 enabled.
 %&-line parsing enabled.
**main.tex
(./main.tex
LaTeX2e <2011/06/27>
Babel <3.9f> and hyphenation patterns for 78 languages loaded.
(./sigplanconf.cls
Document Class: sigplanconf 2011/11/08 v2.5 ACM SIGPLAN Proceedings
\@numheaddepth=\count79
(/usr/local/texlive/2013/texmf-dist/tex/latex/base/article.cls
Document Class: article 2007/10/19 v1.4h Standard LaTeX document class
(/usr/local/texlive/2013/texmf-dist/tex/latex/base/size10.clo
File: size10.clo 2007/10/19 v1.4h Standard LaTeX file (size option)
)
\c@part=\count80
\c@section=\count81
\c@subsection=\count82
\c@subsubsection=\count83
\c@paragraph=\count84
\c@subparagraph=\count85
\c@figure=\count86
\c@table=\count87
\abovecaptionskip=\skip41
\belowcaptionskip=\skip42
\bibindent=\dimen102
)
\standardtextwidth=\dimen103
\standardvspace=\skip43

Using natbib package with 'numbers' citation style.
(/usr/local/texlive/2013/texmf-dist/tex/latex/natbib/natbib.sty
Package: natbib 2010/09/13 8.31b (PWD, AO)
\bibhang=\skip44
\bibsep=\skip45
LaTeX Info: Redefining \cite on input line 694.
\c@NAT@ctr=\count88
)
\@sectionaboveskip=\skip46
\@sectionbelowskip=\skip47
\@subsectionaboveskip=\skip48
\@subsectionbelowskip=\skip49
\@paragraphaboveskip=\skip50
\@authorcount=\count89
\@titlenotecount=\count90
\@titlenotetext=\toks14
\@fnmark=\toks15
\@authori=\count91
\@measbox=\box26
)
(/usr/local/texlive/2013/texmf-dist/tex/latex/psnfss/times.sty
Package: times 2005/04/12 PSNFSS-v9.2a (SPQR) 
)
(/usr/local/texlive/2013/texmf-dist/tex/latex/graphics/epsfig.sty
Package: epsfig 1999/02/16 v1.7a (e)psfig emulation (SPQR)

(/usr/local/texlive/2013/texmf-dist/tex/latex/graphics/graphicx.sty
Package: graphicx 1999/02/16 v1.0f Enhanced LaTeX Graphics (DPC,SPQR)

(/usr/local/texlive/2013/texmf-dist/tex/latex/graphics/keyval.sty
Package: keyval 1999/03/16 v1.13 key=value parser (DPC)
\KV@toks@=\toks16
)
(/usr/local/texlive/2013/texmf-dist/tex/latex/graphics/graphics.sty
Package: graphics 2009/02/05 v1.0o Standard LaTeX Graphics (DPC,SPQR)

(/usr/local/texlive/2013/texmf-dist/tex/latex/graphics/trig.sty
Package: trig 1999/03/16 v1.09 sin cos tan (DPC)
)
(/usr/local/texlive/2013/texmf-dist/tex/latex/latexconfig/graphics.cfg
File: graphics.cfg 2010/04/23 v1.9 graphics configuration of TeX Live
)
Package graphics Info: Driver file: pdftex.def on input line 91.

(/usr/local/texlive/2013/texmf-dist/tex/latex/pdftex-def/pdftex.def
File: pdftex.def 2011/05/27 v0.06d Graphics/color for pdfTeX

(/usr/local/texlive/2013/texmf-dist/tex/generic/oberdiek/infwarerr.sty
Package: infwarerr 2010/04/08 v1.3 Providing info/warning/error messages (HO)
)
(/usr/local/texlive/2013/texmf-dist/tex/generic/oberdiek/ltxcmds.sty
Package: ltxcmds 2011/11/09 v1.22 LaTeX kernel commands for general use (HO)
)
\Gread@gobject=\count92
))
\Gin@req@height=\dimen104
\Gin@req@width=\dimen105
)
\epsfxsize=\dimen106
\epsfysize=\dimen107
)
(/usr/local/texlive/2013/texmf-dist/tex/latex/setspace/setspace.sty
Package: setspace 2011/12/19 v6.7a set line spacing
)
(/usr/local/texlive/2013/texmf-dist/tex/latex/amsmath/amsmath.sty
Package: amsmath 2013/01/14 v2.14 AMS math features
\@mathmargin=\skip51

For additional information on amsmath, use the `?' option.
(/usr/local/texlive/2013/texmf-dist/tex/latex/amsmath/amstext.sty
Package: amstext 2000/06/29 v2.01

(/usr/local/texlive/2013/texmf-dist/tex/latex/amsmath/amsgen.sty
File: amsgen.sty 1999/11/30 v2.0
\@emptytoks=\toks17
\ex@=\dimen108
))
(/usr/local/texlive/2013/texmf-dist/tex/latex/amsmath/amsbsy.sty
Package: amsbsy 1999/11/29 v1.2d
\pmbraise@=\dimen109
)
(/usr/local/texlive/2013/texmf-dist/tex/latex/amsmath/amsopn.sty
Package: amsopn 1999/12/14 v2.01 operator names
)
\inf@bad=\count93
LaTeX Info: Redefining \frac on input line 210.
\uproot@=\count94
\leftroot@=\count95
LaTeX Info: Redefining \overline on input line 306.
\classnum@=\count96
\DOTSCASE@=\count97
LaTeX Info: Redefining \ldots on input line 378.
LaTeX Info: Redefining \dots on input line 381.
LaTeX Info: Redefining \cdots on input line 466.
\Mathstrutbox@=\box27
\strutbox@=\box28
\big@size=\dimen110
LaTeX Font Info:    Redeclaring font encoding OML on input line 566.
LaTeX Font Info:    Redeclaring font encoding OMS on input line 567.
\macc@depth=\count98
\c@MaxMatrixCols=\count99
\dotsspace@=\muskip10
\c@parentequation=\count100
\dspbrk@lvl=\count101
\tag@help=\toks18
\row@=\count102
\column@=\count103
\maxfields@=\count104
\andhelp@=\toks19
\eqnshift@=\dimen111
\alignsep@=\dimen112
\tagshift@=\dimen113
\tagwidth@=\dimen114
\totwidth@=\dimen115
\lineht@=\dimen116
\@envbody=\toks20
\multlinegap=\skip52
\multlinetaggap=\skip53
\mathdisplay@stack=\toks21
LaTeX Info: Redefining \[ on input line 2665.
LaTeX Info: Redefining \] on input line 2666.
)
(/usr/local/texlive/2013/texmf-dist/tex/latex/amsfonts/amssymb.sty
Package: amssymb 2013/01/14 v3.01 AMS font symbols

(/usr/local/texlive/2013/texmf-dist/tex/latex/amsfonts/amsfonts.sty
Package: amsfonts 2013/01/14 v3.01 Basic AMSFonts support
\symAMSa=\mathgroup4
\symAMSb=\mathgroup5
LaTeX Font Info:    Overwriting math alphabet `\mathfrak' in version `bold'
(Font)                  U/euf/m/n --> U/euf/b/n on input line 106.
))
(/usr/local/texlive/2013/texmf-dist/tex/latex/subfigure/subfigure.sty
Package: subfigure 2002/03/15 v2.1.5 subfigure package
\subfigtopskip=\skip54
\subfigcapskip=\skip55
\subfigcaptopadj=\dimen117
\subfigbottomskip=\skip56
\subfigcapmargin=\dimen118
\subfiglabelskip=\skip57
\c@subfigure=\count105
\c@lofdepth=\count106
\c@subtable=\count107
\c@lotdepth=\count108

****************************************
* Local config file subfigure.cfg used *
****************************************
(/usr/local/texlive/2013/texmf-dist/tex/latex/subfigure/subfigure.cfg)
\subfig@top=\skip58
\subfig@bottom=\skip59
)
(/usr/local/texlive/2013/texmf-dist/tex/latex/multirow/multirow.sty
\bigstrutjot=\dimen119
)
(/usr/local/texlive/2013/texmf-dist/tex/latex/algorithm2e/algorithm2e.sty
Package: algorithm2e 2013/01/06 v5.00 algorithms environments
\c@AlgoLine=\count109

(/usr/local/texlive/2013/texmf-dist/tex/latex/base/ifthen.sty
Package: ifthen 2001/05/26 v1.1c Standard LaTeX ifthen package (DPC)
)
(/usr/local/texlive/2013/texmf-dist/tex/latex/tools/xspace.sty
Package: xspace 2009/10/20 v1.13 Space after command names (DPC,MH)
)
(/usr/local/texlive/2013/texmf-dist/tex/latex/relsize/relsize.sty
Package: relsize 2013/03/29 ver 4.1
)
********************************************************
Package `algorithm2e' Release 5.0 -- january 06 2013 --
- algorithm2e-announce@lirmm.fr mailing list for announcement about releases
- algorithm2e-discussion@lirmm.fr mailing list for discussion about package
subscribe by emailing sympa@lirmm.fr with 'subscribe <list> <firstname name>'
- Author: Christophe Fiorio (cfiorio@um2.fr)
********************************************************
\skiptotal=\skip60
\skiplinenumber=\skip61
\skiprule=\skip62
\skiphlne=\skip63
\skiptext=\skip64
\skiplength=\skip65
\algomargin=\skip66
\skipalgocfslide=\skip67
\algowidth=\dimen120
\inoutsize=\dimen121
\inoutindent=\dimen122
\interspacetitleruled=\dimen123
\interspacealgoruled=\dimen124
\interspacetitleboxruled=\dimen125
\algocf@inoutbox=\box29
\algocf@inputbox=\box30
\AlCapSkip=\skip68
\AlCapHSkip=\skip69
\algoskipindent=\skip70
\algocf@nlbox=\box31
\algocf@hangingbox=\box32
\algocf@untilbox=\box33
\algocf@skipuntil=\skip71
\algocf@capbox=\box34
\algoheightruledefault=\skip72
\algoheightrule=\skip73
\algotitleheightruledefault=\skip74
\algotitleheightrule=\skip75
\c@algocfline=\count110
\c@algocfproc=\count111
\c@algocf=\count112
\algocf@algoframe=\box35
\algocf@algobox=\box36
) (/usr/local/texlive/2013/texmf-dist/tex/latex/floatflt/floatflt.sty
Package: floatflt 1997/07/16 v. 1.31
\c@OptionTest=\count113
\figbox=\box37
\tabbox=\box38
\pagebox=\box39
\ffigcount=\count114
\ftabcount=\count115
\fftest=\count116
\hangcount=\count117
\nosuccesstryfig=\count118
\nosuccesstrytab=\count119
\figgutter=\dimen126
\tabgutter=\dimen127
\htdone=\dimen128
\pageht=\dimen129
\startpageht=\dimen130
\tabbredd=\dimen131
\floatfltwidth=\dimen132
\fltitemwidth=\dimen133
\outputpretest=\toks22
)
(/usr/local/texlive/2013/texmf-dist/tex/latex/hyperref/hyperref.sty
Package: hyperref 2012/11/06 v6.83m Hypertext links for LaTeX

(/usr/local/texlive/2013/texmf-dist/tex/generic/oberdiek/hobsub-hyperref.sty
Package: hobsub-hyperref 2012/05/28 v1.13 Bundle oberdiek, subset hyperref (HO)


(/usr/local/texlive/2013/texmf-dist/tex/generic/oberdiek/hobsub-generic.sty
Package: hobsub-generic 2012/05/28 v1.13 Bundle oberdiek, subset generic (HO)
Package: hobsub 2012/05/28 v1.13 Construct package bundles (HO)
Package hobsub Info: Skipping package `infwarerr' (already loaded).
Package hobsub Info: Skipping package `ltxcmds' (already loaded).
Package: ifluatex 2010/03/01 v1.3 Provides the ifluatex switch (HO)
Package ifluatex Info: LuaTeX not detected.
Package: ifvtex 2010/03/01 v1.5 Detect VTeX and its facilities (HO)
Package ifvtex Info: VTeX not detected.
Package: intcalc 2007/09/27 v1.1 Expandable calculations with integers (HO)
Package: ifpdf 2011/01/30 v2.3 Provides the ifpdf switch (HO)
Package ifpdf Info: pdfTeX in PDF mode is detected.
Package: etexcmds 2011/02/16 v1.5 Avoid name clashes with e-TeX commands (HO)
Package etexcmds Info: Could not find \expanded.
(etexcmds)             That can mean that you are not using pdfTeX 1.50 or
(etexcmds)             that some package has redefined \expanded.
(etexcmds)             In the latter case, load this package earlier.
Package: kvsetkeys 2012/04/25 v1.16 Key value parser (HO)
Package: kvdefinekeys 2011/04/07 v1.3 Define keys (HO)
Package: pdftexcmds 2011/11/29 v0.20 Utility functions of pdfTeX for LuaTeX (HO
)
Package pdftexcmds Info: LuaTeX not detected.
Package pdftexcmds Info: \pdf@primitive is available.
Package pdftexcmds Info: \pdf@ifprimitive is available.
Package pdftexcmds Info: \pdfdraftmode found.
Package: pdfescape 2011/11/25 v1.13 Implements pdfTeX's escape features (HO)
Package: bigintcalc 2012/04/08 v1.3 Expandable calculations on big integers (HO
)
Package: bitset 2011/01/30 v1.1 Handle bit-vector datatype (HO)
Package: uniquecounter 2011/01/30 v1.2 Provide unlimited unique counter (HO)
)
Package hobsub Info: Skipping package `hobsub' (already loaded).
Package: letltxmacro 2010/09/02 v1.4 Let assignment for LaTeX macros (HO)
Package: hopatch 2012/05/28 v1.2 Wrapper for package hooks (HO)
Package: xcolor-patch 2011/01/30 xcolor patch
Package: atveryend 2011/06/30 v1.8 Hooks at the very end of document (HO)
Package atveryend Info: \enddocument detected (standard20110627).
Package: atbegshi 2011/10/05 v1.16 At begin shipout hook (HO)
Package: refcount 2011/10/16 v3.4 Data extraction from label references (HO)
Package: hycolor 2011/01/30 v1.7 Color options for hyperref/bookmark (HO)
)
(/usr/local/texlive/2013/texmf-dist/tex/generic/ifxetex/ifxetex.sty
Package: ifxetex 2010/09/12 v0.6 Provides ifxetex conditional
)
(/usr/local/texlive/2013/texmf-dist/tex/latex/oberdiek/auxhook.sty
Package: auxhook 2011/03/04 v1.3 Hooks for auxiliary files (HO)
)
(/usr/local/texlive/2013/texmf-dist/tex/latex/oberdiek/kvoptions.sty
Package: kvoptions 2011/06/30 v3.11 Key value format for package options (HO)
)
\@linkdim=\dimen134
\Hy@linkcounter=\count120
\Hy@pagecounter=\count121

(/usr/local/texlive/2013/texmf-dist/tex/latex/hyperref/pd1enc.def
File: pd1enc.def 2012/11/06 v6.83m Hyperref: PDFDocEncoding definition (HO)
)
\Hy@SavedSpaceFactor=\count122

(/usr/local/texlive/2013/texmf-dist/tex/latex/latexconfig/hyperref.cfg
File: hyperref.cfg 2002/06/06 v1.2 hyperref configuration of TeXLive
)
Package hyperref Info: Option `breaklinks' set `true' on input line 4319.
Package hyperref Info: Option `colorlinks' set `true' on input line 4319.
Package hyperref Info: Option `bookmarks' set `false' on input line 4319.
Package hyperref Info: Hyper figures OFF on input line 4443.
Package hyperref Info: Link nesting OFF on input line 4448.
Package hyperref Info: Hyper index ON on input line 4451.
Package hyperref Info: Plain pages OFF on input line 4458.
Package hyperref Info: Backreferencing OFF on input line 4463.
Package hyperref Info: Implicit mode ON; LaTeX internals redefined.
Package hyperref Info: Bookmarks OFF on input line 4694.
\c@Hy@tempcnt=\count123

(/usr/local/texlive/2013/texmf-dist/tex/latex/url/url.sty
\Urlmuskip=\muskip11
Package: url 2006/04/12  ver 3.3  Verb mode for urls, etc.
)
LaTeX Info: Redefining \url on input line 5041.
\XeTeXLinkMargin=\dimen135
\Fld@menulength=\count124
\Field@Width=\dimen136
\Fld@charsize=\dimen137
Package hyperref Info: Hyper figures OFF on input line 6295.
Package hyperref Info: Link nesting OFF on input line 6300.
Package hyperref Info: Hyper index ON on input line 6303.
Package hyperref Info: backreferencing OFF on input line 6310.
Package hyperref Info: Link coloring ON on input line 6313.
Package hyperref Info: Link coloring with OCG OFF on input line 6320.
Package hyperref Info: PDF/A mode OFF on input line 6325.
LaTeX Info: Redefining \ref on input line 6365.
LaTeX Info: Redefining \pageref on input line 6369.
\Hy@abspage=\count125
\c@Item=\count126
\c@Hfootnote=\count127
)

Package hyperref Message: Driver (autodetected): hpdftex.

(/usr/local/texlive/2013/texmf-dist/tex/latex/hyperref/hpdftex.def
File: hpdftex.def 2012/11/06 v6.83m Hyperref driver for pdfTeX
\Fld@listcount=\count128
\c@bookmark@seq@number=\count129

(/usr/local/texlive/2013/texmf-dist/tex/latex/oberdiek/rerunfilecheck.sty
Package: rerunfilecheck 2011/04/15 v1.7 Rerun checks for auxiliary files (HO)
Package uniquecounter Info: New unique counter `rerunfilecheck' on input line 2
82.
)
\Hy@SectionHShift=\skip76
)
(./main.aux)
\openout1 = `main.aux'.

LaTeX Font Info:    Checking defaults for OML/cmm/m/it on input line 78.
LaTeX Font Info:    ... okay on input line 78.
LaTeX Font Info:    Checking defaults for T1/cmr/m/n on input line 78.
LaTeX Font Info:    ... okay on input line 78.
LaTeX Font Info:    Checking defaults for OT1/cmr/m/n on input line 78.
LaTeX Font Info:    ... okay on input line 78.
LaTeX Font Info:    Checking defaults for OMS/cmsy/m/n on input line 78.
LaTeX Font Info:    ... okay on input line 78.
LaTeX Font Info:    Checking defaults for OMX/cmex/m/n on input line 78.
LaTeX Font Info:    ... okay on input line 78.
LaTeX Font Info:    Checking defaults for U/cmr/m/n on input line 78.
LaTeX Font Info:    ... okay on input line 78.
LaTeX Font Info:    Checking defaults for PD1/pdf/m/n on input line 78.
LaTeX Font Info:    ... okay on input line 78.
LaTeX Font Info:    Try loading font information for OT1+ptm on input line 78.
 (/usr/local/texlive/2013/texmf-dist/tex/latex/psnfss/ot1ptm.fd
File: ot1ptm.fd 2001/06/04 font definitions for OT1/ptm.
)
(/usr/local/texlive/2013/texmf-dist/tex/context/base/supp-pdf.mkii
[Loading MPS to PDF converter (version 2006.09.02).]
\scratchcounter=\count130
\scratchdimen=\dimen138
\scratchbox=\box40
\nofMPsegments=\count131
\nofMParguments=\count132
\everyMPshowfont=\toks23
\MPscratchCnt=\count133
\MPscratchDim=\dimen139
\MPnumerator=\count134
\makeMPintoPDFobject=\count135
\everyMPtoPDFconversion=\toks24
) (/usr/local/texlive/2013/texmf-dist/tex/latex/oberdiek/epstopdf-base.sty
Package: epstopdf-base 2010/02/09 v2.5 Base part for package epstopdf

(/usr/local/texlive/2013/texmf-dist/tex/latex/oberdiek/grfext.sty
Package: grfext 2010/08/19 v1.1 Manage graphics extensions (HO)
)
Package grfext Info: Graphics extension search list:
(grfext)             [.png,.pdf,.jpg,.mps,.jpeg,.jbig2,.jb2,.PNG,.PDF,.JPG,.JPE
G,.JBIG2,.JB2,.eps]
(grfext)             \AppendGraphicsExtensions on input line 452.

(/usr/local/texlive/2013/texmf-dist/tex/latex/latexconfig/epstopdf-sys.cfg
File: epstopdf-sys.cfg 2010/07/13 v1.3 Configuration of (r)epstopdf for TeX Liv
e
))
\AtBeginShipoutBox=\box41

(/usr/local/texlive/2013/texmf-dist/tex/latex/graphics/color.sty
Package: color 2005/11/14 v1.0j Standard LaTeX Color (DPC)

(/usr/local/texlive/2013/texmf-dist/tex/latex/latexconfig/color.cfg
File: color.cfg 2007/01/18 v1.5 color configuration of teTeX/TeXLive
)
Package color Info: Driver file: pdftex.def on input line 130.
)
Package hyperref Info: Link coloring ON on input line 78.

(/usr/local/texlive/2013/texmf-dist/tex/latex/hyperref/nameref.sty
Package: nameref 2012/10/27 v2.43 Cross-referencing by name of section

(/usr/local/texlive/2013/texmf-dist/tex/generic/oberdiek/gettitlestring.sty
Package: gettitlestring 2010/12/03 v1.4 Cleanup title references (HO)
)
\c@section@level=\count136
)
LaTeX Info: Redefining \ref on input line 78.
LaTeX Info: Redefining \pageref on input line 78.
LaTeX Info: Redefining \nameref on input line 78.
LaTeX Font Info:    Font shape `OT1/ptm/bx/n' in size <17.28> not available
(Font)              Font shape `OT1/ptm/b/n' tried instead on input line 90.
LaTeX Font Info:    Try loading font information for OT1+phv on input line 90.

(/usr/local/texlive/2013/texmf-dist/tex/latex/psnfss/ot1phv.fd
File: ot1phv.fd 2001/06/04 scalable font definitions for OT1/phv.
) (./abstract.tex
LaTeX Font Info:    Font shape `OT1/ptm/bx/n' in size <12> not available
(Font)              Font shape `OT1/ptm/b/n' tried instead on input line 2.
) (./intro.tex (./figures/source-code-example.tex
Package epstopdf Info: Source file: <figures/EPS/c-code-example.eps>
(epstopdf)                    date: 2012-10-19 16:40:54
(epstopdf)                    size: 175145 bytes
(epstopdf)             Output file: <figures/EPS/c-code-example-eps-converted-t
o.pdf>
(epstopdf)                    date: 2014-04-11 01:04:36
(epstopdf)                    size: 34775 bytes
(epstopdf)             Command: <repstopdf --outfile=figures/EPS/c-code-example
-eps-converted-to.pdf figures/EPS/c-code-example.eps>
(epstopdf)             \includegraphics on input line 9.
Package epstopdf Info: Output file is already uptodate.

<figures/EPS/c-code-example-eps-converted-to.pdf, id=12, 491.8375pt x 509.905pt
>
File: figures/EPS/c-code-example-eps-converted-to.pdf Graphic file (type pdf)
 <use figures/EPS/c-code-example-eps-converted-to.pdf>
Package pdftex.def Info: figures/EPS/c-code-example-eps-converted-to.pdf used o
n input line 9.
(pdftex.def)             Requested size: 292.32092pt x 303.06656pt.
LaTeX Font Info:    Font shape `OT1/ptm/bx/n' in size <10> not available
(Font)              Font shape `OT1/ptm/b/n' tried instead on input line 11.
LaTeX Font Info:    Try loading font information for U+msa on input line 14.

(/usr/local/texlive/2013/texmf-dist/tex/latex/amsfonts/umsa.fd
File: umsa.fd 2013/01/14 v3.01 AMS symbols A
)
LaTeX Font Info:    Try loading font information for U+msb on input line 14.

(/usr/local/texlive/2013/texmf-dist/tex/latex/amsfonts/umsb.fd
File: umsb.fd 2013/01/14 v3.01 AMS symbols B
)
Package epstopdf Info: Source file: <figures/EPS/abstract-stack-diff-new.eps>
(epstopdf)                    date: 2012-10-19 20:17:56
(epstopdf)                    size: 148791 bytes
(epstopdf)             Output file: <figures/EPS/abstract-stack-diff-new-eps-co
nverted-to.pdf>
(epstopdf)                    date: 2014-04-11 01:04:38
(epstopdf)                    size: 34428 bytes
(epstopdf)             Command: <repstopdf --outfile=figures/EPS/abstract-stack
-diff-new-eps-converted-to.pdf figures/EPS/abstract-stack-diff-new.eps>
(epstopdf)             \includegraphics on input line 18.
Package epstopdf Info: Output file is already uptodate.

<figures/EPS/abstract-stack-diff-new-eps-converted-to.pdf, id=13, 370.38374pt x
 125.46875pt>
File: figures/EPS/abstract-stack-diff-new-eps-converted-to.pdf Graphic file (ty
pe pdf)
 <use figures/EPS/abstract-stack-diff-new-eps-converted-to.pdf>
Package pdftex.def Info: figures/EPS/abstract-stack-diff-new-eps-converted-to.p
df used on input line 18.
(pdftex.def)             Requested size: 201.59692pt x 68.29199pt.
Package epstopdf Info: Source file: <figures/EPS/new-var-prom-diff.eps>
(epstopdf)                    date: 2012-10-19 20:19:14
(epstopdf)                    size: 151249 bytes
(epstopdf)             Output file: <figures/EPS/new-var-prom-diff-eps-converte
d-to.pdf>
(epstopdf)                    date: 2014-04-11 01:04:40
(epstopdf)                    size: 34231 bytes
(epstopdf)             Command: <repstopdf --outfile=figures/EPS/new-var-prom-d
iff-eps-converted-to.pdf figures/EPS/new-var-prom-diff.eps>
(epstopdf)             \includegraphics on input line 24.
Package epstopdf Info: Output file is already uptodate.

<figures/EPS/new-var-prom-diff-eps-converted-to.pdf, id=14, 406.51875pt x 168.6
3pt>
File: figures/EPS/new-var-prom-diff-eps-converted-to.pdf Graphic file (type pdf
)
 <use figures/EPS/new-var-prom-diff-eps-converted-to.pdf>
Package pdftex.def Info: figures/EPS/new-var-prom-diff-eps-converted-to.pdf use
d on input line 24.
(pdftex.def)             Requested size: 201.59692pt x 83.6252pt.
Package epstopdf Info: Source file: <figures/EPS/flow1.eps>
(epstopdf)                    date: 2012-10-18 04:10:22
(epstopdf)                    size: 99866 bytes
(epstopdf)             Output file: <figures/EPS/flow1-eps-converted-to.pdf>
(epstopdf)                    date: 2014-04-11 01:04:42
(epstopdf)                    size: 19435 bytes
(epstopdf)             Command: <repstopdf --outfile=figures/EPS/flow1-eps-conv
erted-to.pdf figures/EPS/flow1.eps>
(epstopdf)             \includegraphics on input line 30.
Package epstopdf Info: Output file is already uptodate.

<figures/EPS/flow1-eps-converted-to.pdf, id=15, 505.89pt x 277.035pt>
File: figures/EPS/flow1-eps-converted-to.pdf Graphic file (type pdf)

<use figures/EPS/flow1-eps-converted-to.pdf>
Package pdftex.def Info: figures/EPS/flow1-eps-converted-to.pdf used on input l
ine 30.
(pdftex.def)             Requested size: 161.27815pt x 88.31905pt.
) [1{/usr/local/texlive/2013/texmf-var/fonts/map/pdftex/updmap/pdftex.map}


]
Underfull \vbox (badness 10000) has occurred while \output is active []

)
(./contributions.tex [2 <./figures/EPS/c-code-example-eps-converted-to.pdf> <./
figures/EPS/abstract-stack-diff-new-eps-converted-to.pdf> <./figures/EPS/new-va
r-prom-diff-eps-converted-to.pdf> <./figures/EPS/flow1-eps-converted-to.pdf>]
Overfull \hbox (2.25696pt too wide) in paragraph at lines 21--22
[]\OT1/ptm/m/n/10 Some bi-nary anal-y-sis tools an-a-lyze stat-i-cally de-ter-m
inable
 []


Underfull \vbox (badness 10000) has occurred while \output is active []


Underfull \hbox (badness 1515) in paragraph at lines 50--51
$[]$ \OT1/ptm/m/n/10 The pres-ence of
 []


Overfull \hbox (2.81795pt too wide) in paragraph at lines 56--57
\OT1/ptm/m/n/10 out any changes. Ad-vanced trans-for-ma-tions like compiler-
 []


Underfull \vbox (badness 10000) has occurred while \output is active []

 [3])
(./absframe.tex (./figures/indirect-access.tex)
LaTeX Font Info:    Font shape `OT1/ptm/bx/it' in size <10> not available
(Font)              Font shape `OT1/ptm/b/it' tried instead on input line 24.
 [4]
LaTeX Font Info:    Try loading font information for OMS+ptm on input line 65.

(/usr/local/texlive/2013/texmf-dist/tex/latex/psnfss/omsptm.fd
File: omsptm.fd 
)
LaTeX Font Info:    Font shape `OMS/ptm/m/n' in size <10> not available
(Font)              Font shape `OMS/cmsy/m/n' tried instead on input line 65.

Underfull \vbox (badness 10000) has occurred while \output is active []

LaTeX Font Info:    Font shape `OMS/ptm/m/n' in size <7> not available
(Font)              Font shape `OMS/cmsy/m/n' tried instead on input line 78.
)
(./symbolConv.tex
Underfull \vbox (badness 10000) has occurred while \output is active []

 [5]
(./figures/pathExample.tex
Package epstopdf Info: Source file: <figures/EPS/pathcfg.eps>
(epstopdf)                    date: 2012-10-18 12:10:32
(epstopdf)                    size: 87431 bytes
(epstopdf)             Output file: <figures/EPS/pathcfg-eps-converted-to.pdf>
(epstopdf)                    date: 2014-04-11 01:04:44
(epstopdf)                    size: 17579 bytes
(epstopdf)             Command: <repstopdf --outfile=figures/EPS/pathcfg-eps-co
nverted-to.pdf figures/EPS/pathcfg.eps>
(epstopdf)             \includegraphics on input line 5.
Package epstopdf Info: Output file is already uptodate.

<figures/EPS/pathcfg-eps-converted-to.pdf, id=225, 556.0775pt x 285.065pt>
File: figures/EPS/pathcfg-eps-converted-to.pdf Graphic file (type pdf)

<use figures/EPS/pathcfg-eps-converted-to.pdf>
Package pdftex.def Info: figures/EPS/pathcfg-eps-converted-to.pdf used on input
 line 5.
(pdftex.def)             Requested size: 167.99927pt x 86.12042pt.
) (./figures/reachingDefn.tex
LaTeX Font Info:    Font shape `OT1/ptm/bx/n' in size <7> not available
(Font)              Font shape `OT1/ptm/b/n' tried instead on input line 11.

Overfull \hbox (19.02933pt too wide) in paragraph at lines 8--19
 [][] 
 []

) (./figures/partitionNew.tex

Package relsize Warning: Font size 4.86111pt is too small.
(relsize)                Using 5.0pt instead on input line 10.

LaTeX Font Info:    Font shape `OT1/ptm/bx/n' in size <5> not available
(Font)              Font shape `OT1/ptm/b/n' tried instead on input line 10.

Package relsize Warning: Font size 4.86111pt is too small.
(relsize)                Using 5.0pt instead on input line 11.


Package relsize Warning: Font size 4.86111pt is too small.
(relsize)                Using 5.0pt instead on input line 12.


Package relsize Warning: Font size 4.86111pt is too small.
(relsize)                Using 5.0pt instead on input line 13.


Package relsize Warning: Font size 4.86111pt is too small.
(relsize)                Using 5.0pt instead on input line 14.


Package relsize Warning: Font size 4.86111pt is too small.
(relsize)                Using 5.0pt instead on input line 15.


Package relsize Warning: Font size 4.86111pt is too small.
(relsize)                Using 5.0pt instead on input line 49.


Package relsize Warning: Font size 4.86111pt is too small.
(relsize)                Using 5.0pt instead on input line 49.


Package relsize Warning: Font size 4.86111pt is too small.
(relsize)                Using 5.0pt instead on input line 49.


Package relsize Warning: Font size 4.86111pt is too small.
(relsize)                Using 5.0pt instead on input line 49.


Package relsize Warning: Font size 4.86111pt is too small.
(relsize)                Using 5.0pt instead on input line 49.


Package relsize Warning: Font size 4.86111pt is too small.
(relsize)                Using 5.0pt instead on input line 49.


Package relsize Warning: Font size 4.86111pt is too small.
(relsize)                Using 5.0pt instead on input line 49.


Package relsize Warning: Font size 4.86111pt is too small.
(relsize)                Using 5.0pt instead on input line 49.


Package relsize Warning: Font size 4.86111pt is too small.
(relsize)                Using 5.0pt instead on input line 49.


Package relsize Warning: Font size 4.86111pt is too small.
(relsize)                Using 5.0pt instead on input line 49.


Package relsize Warning: Font size 4.86111pt is too small.
(relsize)                Using 5.0pt instead on input line 49.


Package relsize Warning: Font size 4.86111pt is too small.
(relsize)                Using 5.0pt instead on input line 49.


Package relsize Warning: Font size 4.86111pt is too small.
(relsize)                Using 5.0pt instead on input line 49.


Package relsize Warning: Font size 4.86111pt is too small.
(relsize)                Using 5.0pt instead on input line 49.


Package relsize Warning: Font size 4.86111pt is too small.
(relsize)                Using 5.0pt instead on input line 49.


Package relsize Warning: Font size 4.86111pt is too small.
(relsize)                Using 5.0pt instead on input line 49.


Package relsize Warning: Font size 4.86111pt is too small.
(relsize)                Using 5.0pt instead on input line 49.


Package relsize Warning: Font size 4.86111pt is too small.
(relsize)                Using 5.0pt instead on input line 49.

LaTeX Font Info:    Font shape `OMS/ptm/m/it' in size <7> not available
(Font)              Font shape `OMS/cmsy/m/n' tried instead on input line 49.

Package relsize Warning: Font size 4.86111pt is too small.
(relsize)                Using 5.0pt instead on input line 49.


Package relsize Warning: Font size 4.86111pt is too small.
(relsize)                Using 5.0pt instead on input line 49.


Package relsize Warning: Font size 4.86111pt is too small.
(relsize)                Using 5.0pt instead on input line 49.


Package relsize Warning: Font size 4.86111pt is too small.
(relsize)                Using 5.0pt instead on input line 49.


Package relsize Warning: Font size 4.86111pt is too small.
(relsize)                Using 5.0pt instead on input line 49.

) [6 <./figures/EPS/pathcfg-eps-converted-to.pdf>]) (./symExecution.tex
(./figures/sym-execution-example.tex
Package epstopdf Info: Source file: <figures/EPS/symExecution.eps>
(epstopdf)                    date: 2012-10-20 01:08:26
(epstopdf)                    size: 207485 bytes
(epstopdf)             Output file: <figures/EPS/symExecution-eps-converted-to.
pdf>
(epstopdf)                    date: 2014-04-11 01:04:46
(epstopdf)                    size: 48395 bytes
(epstopdf)             Command: <repstopdf --outfile=figures/EPS/symExecution-e
ps-converted-to.pdf figures/EPS/symExecution.eps>
(epstopdf)             \includegraphics on input line 8.
Package epstopdf Info: Output file is already uptodate.

<figures/EPS/symExecution-eps-converted-to.pdf, id=261, 460.72125pt x 288.07625
pt>
File: figures/EPS/symExecution-eps-converted-to.pdf Graphic file (type pdf)
 <use figures/EPS/symExecution-eps-converted-to.pdf>
Package pdftex.def Info: figures/EPS/symExecution-eps-converted-to.pdf used on 
input line 8.
(pdftex.def)             Requested size: 163.19824pt x 102.0414pt.
Package epstopdf Info: Source file: <figures/EPS/symExecConstraints.eps>
(epstopdf)                    date: 2012-10-19 22:13:10
(epstopdf)                    size: 69702 bytes
(epstopdf)             Output file: <figures/EPS/symExecConstraints-eps-convert
ed-to.pdf>
(epstopdf)                    date: 2014-04-11 01:04:47
(epstopdf)                    size: 15657 bytes
(epstopdf)             Command: <repstopdf --outfile=figures/EPS/symExecConstra
ints-eps-converted-to.pdf figures/EPS/symExecConstraints.eps>
(epstopdf)             \includegraphics on input line 18.
Package epstopdf Info: Output file is already uptodate.

<figures/EPS/symExecConstraints-eps-converted-to.pdf, id=262, 112.42pt x 94.352
5pt>
File: figures/EPS/symExecConstraints-eps-converted-to.pdf Graphic file (type pd
f)
 <use figures/EPS/symExecConstraints-eps-converted-to.pdf>
Package pdftex.def Info: figures/EPS/symExecConstraints-eps-converted-to.pdf us
ed on input line 18.
(pdftex.def)             Requested size: 72.00073pt x 60.43144pt.

Underfull \hbox (badness 10000) in paragraph at lines 20--20
\OT1/ptm/b/n/10 Figure 10.
 []


Underfull \hbox (badness 10000) in paragraph at lines 20--20
[]\OT1/ptm/m/it/10 Constraints for
 []

) [7 <./figures/EPS/symExecution-eps-converted-to.pdf> <./figures/EPS/symExecCo
nstraints-eps-converted-to.pdf>]

LaTeX Font Warning: Command \scriptsize invalid in math mode on input line 45.

) (./practicalities.tex
Overfull \hbox (1.76704pt too wide) in paragraph at lines 10--11
$[]$ \OT1/ptm/m/n/10 :Sec-ond-Write im-ple-ments var-
 []


Underfull \hbox (badness 1158) in paragraph at lines 20--24
\OT1/ptm/m/n/10 Hence, var-i-ous pro-ce-dure bound-ary de-ter-mi-na-tion tech-
 []


Overfull \hbox (5.10863pt too wide) in paragraph at lines 25--27
\OT1/ptm/m/n/10 works like PLTO [[]], Dy-namoRIO [[]], PIN [[]], iSpike [[]],
 []

) (./results.tex (./figures/benchmarks.tex
Package epstopdf Info: Source file: <figures/EPS/appTablenew2.eps>
(epstopdf)                    date: 2012-10-20 00:48:06
(epstopdf)                    size: 53882 bytes
(epstopdf)             Output file: <figures/EPS/appTablenew2-eps-converted-to.
pdf>
(epstopdf)                    date: 2014-04-11 01:04:49
(epstopdf)                    size: 12577 bytes
(epstopdf)             Command: <repstopdf --outfile=figures/EPS/appTablenew2-e
ps-converted-to.pdf figures/EPS/appTablenew2.eps>
(epstopdf)             \includegraphics on input line 6.
Package epstopdf Info: Output file is already uptodate.

<figures/EPS/appTablenew2-eps-converted-to.pdf, id=378, 194.7275pt x 595.22375p
t>
File: figures/EPS/appTablenew2-eps-converted-to.pdf Graphic file (type pdf)
 <use figures/EPS/appTablenew2-eps-converted-to.pdf>
Package pdftex.def Info: figures/EPS/appTablenew2-eps-converted-to.pdf used on 
input line 6.
(pdftex.def)             Requested size: 167.99927pt x 513.54453pt.
) [8]
(./figures/resultsOriginalSym.tex
Package epstopdf Info: Source file: <figures/EPS/origSymPromotion.eps>
(epstopdf)                    date: 2012-10-19 02:45:02
(epstopdf)                    size: 29537 bytes
(epstopdf)             Output file: <figures/EPS/origSymPromotion-eps-converted
-to.pdf>
(epstopdf)                    date: 2014-04-11 01:04:51
(epstopdf)                    size: 8691 bytes
(epstopdf)             Command: <repstopdf --outfile=figures/EPS/origSymPromoti
on-eps-converted-to.pdf figures/EPS/origSymPromotion.eps>
(epstopdf)             \includegraphics on input line 7.
Package epstopdf Info: Output file is already uptodate.

<figures/EPS/origSymPromotion-eps-converted-to.pdf, id=393, 578.16pt x 306.1437
5pt>
File: figures/EPS/origSymPromotion-eps-converted-to.pdf Graphic file (type pdf)

 <use figures/EPS/origSymPromotion-eps-converted-to.pdf>
Package pdftex.def Info: figures/EPS/origSymPromotion-eps-converted-to.pdf used
 on input line 7.
(pdftex.def)             Requested size: 161.28369pt x 85.40201pt.
Package epstopdf Info: Source file: <figures/EPS/partition-visualization.eps>
(epstopdf)                    date: 2012-10-19 02:54:54
(epstopdf)                    size: 41749 bytes
(epstopdf)             Output file: <figures/EPS/partition-visualization-eps-co
nverted-to.pdf>
(epstopdf)                    date: 2014-04-11 01:04:52
(epstopdf)                    size: 11237 bytes
(epstopdf)             Command: <repstopdf --outfile=figures/EPS/partition-visu
alization-eps-converted-to.pdf figures/EPS/partition-visualization.eps>
(epstopdf)             \includegraphics on input line 16.
Package epstopdf Info: Output file is already uptodate.

<figures/EPS/partition-visualization-eps-converted-to.pdf, id=394, 528.97626pt 
x 275.0275pt>
File: figures/EPS/partition-visualization-eps-converted-to.pdf Graphic file (ty
pe pdf)
 <use figures/EPS/partition-visualization-eps-converted-to.pdf>
Package pdftex.def Info: figures/EPS/partition-visualization-eps-converted-to.p
df used on input line 16.
(pdftex.def)             Requested size: 191.52246pt x 99.57635pt.

Overfull \hbox (3.79762pt too wide) in paragraph at lines 26--35
 [][] 
 []


Underfull \hbox (badness 1910) in paragraph at lines 35--35
\OT1/ptm/b/n/10 Figure 14. []\OT1/ptm/m/it/10 Programs demon-strat-
 []

) (./figures/results-runtime.tex
Package epstopdf Info: Source file: <figures/EPS/unoptperf.eps>
(epstopdf)                    date: 2012-10-19 02:57:46
(epstopdf)                    size: 30177 bytes
(epstopdf)             Output file: <figures/EPS/unoptperf-eps-converted-to.pdf
>
(epstopdf)                    date: 2014-04-11 01:04:54
(epstopdf)                    size: 8833 bytes
(epstopdf)             Command: <repstopdf --outfile=figures/EPS/unoptperf-eps-
converted-to.pdf figures/EPS/unoptperf.eps>
(epstopdf)             \includegraphics on input line 9.
Package epstopdf Info: Output file is already uptodate.

<figures/EPS/unoptperf-eps-converted-to.pdf, id=395, 569.12625pt x 330.23375pt>
File: figures/EPS/unoptperf-eps-converted-to.pdf Graphic file (type pdf)
<use figures/EPS/unoptperf-eps-converted-to.pdf>
Package pdftex.def Info: figures/EPS/unoptperf-eps-converted-to.pdf used on inp
ut line 9.
(pdftex.def)             Requested size: 176.40308pt x 102.35628pt.
Package epstopdf Info: Source file: <figures/EPS/optperf.eps>
(epstopdf)                    date: 2012-10-19 03:39:04
(epstopdf)                    size: 33854 bytes
(epstopdf)             Output file: <figures/EPS/optperf-eps-converted-to.pdf>
(epstopdf)                    date: 2014-04-11 01:04:56
(epstopdf)                    size: 8835 bytes
(epstopdf)             Command: <repstopdf --outfile=figures/EPS/optperf-eps-co
nverted-to.pdf figures/EPS/optperf.eps>
(epstopdf)             \includegraphics on input line 20.
Package epstopdf Info: Output file is already uptodate.

<figures/EPS/optperf-eps-converted-to.pdf, id=396, 594.22pt x 342.27875pt>
File: figures/EPS/optperf-eps-converted-to.pdf Graphic file (type pdf)

<use figures/EPS/optperf-eps-converted-to.pdf>
Package pdftex.def Info: figures/EPS/optperf-eps-converted-to.pdf used on input
 line 20.
(pdftex.def)             Requested size: 176.40308pt x 101.60852pt.
Package epstopdf Info: Source file: <figures/EPS/pe-binaries.eps>
(epstopdf)                    date: 2012-10-19 03:03:30
(epstopdf)                    size: 34474 bytes
(epstopdf)             Output file: <figures/EPS/pe-binaries-eps-converted-to.p
df>
(epstopdf)                    date: 2014-04-11 01:04:58
(epstopdf)                    size: 8840 bytes
(epstopdf)             Command: <repstopdf --outfile=figures/EPS/pe-binaries-ep
s-converted-to.pdf figures/EPS/pe-binaries.eps>
(epstopdf)             \includegraphics on input line 31.
Package epstopdf Info: Output file is already uptodate.

<figures/EPS/pe-binaries-eps-converted-to.pdf, id=397, 523.9575pt x 340.27126pt
>
File: figures/EPS/pe-binaries-eps-converted-to.pdf Graphic file (type pdf)
 <use figures/EPS/pe-binaries-eps-converted-to.pdf>
Package pdftex.def Info: figures/EPS/pe-binaries-eps-converted-to.pdf used on i
nput line 31.
(pdftex.def)             Requested size: 141.11938pt x 91.64601pt.
) [9 <./figures/EPS/appTablenew2-eps-converted-to.pdf>] (./figures/impact-all-s
ymbol.tex
Package epstopdf Info: Source file: <figures/EPS/impactunopt.eps>
(epstopdf)                    date: 2012-10-19 03:27:16
(epstopdf)                    size: 34870 bytes
(epstopdf)             Output file: <figures/EPS/impactunopt-eps-converted-to.p
df>
(epstopdf)                    date: 2014-04-11 01:04:59
(epstopdf)                    size: 10918 bytes
(epstopdf)             Command: <repstopdf --outfile=figures/EPS/impactunopt-ep
s-converted-to.pdf figures/EPS/impactunopt.eps>
(epstopdf)             \includegraphics on input line 19.
Package epstopdf Info: Output file is already uptodate.

<figures/EPS/impactunopt-eps-converted-to.pdf, id=420, 598.235pt x 336.25626pt>
File: figures/EPS/impactunopt-eps-converted-to.pdf Graphic file (type pdf)
<use figures/EPS/impactunopt-eps-converted-to.pdf>
Package pdftex.def Info: figures/EPS/impactunopt-eps-converted-to.pdf used on i
nput line 19.
(pdftex.def)             Requested size: 176.40308pt x 99.15369pt.
Package epstopdf Info: Source file: <figures/EPS/impactopt.eps>
(epstopdf)                    date: 2012-10-19 03:28:52
(epstopdf)                    size: 34721 bytes
(epstopdf)             Output file: <figures/EPS/impactopt-eps-converted-to.pdf
>
(epstopdf)                    date: 2014-04-11 01:05:01
(epstopdf)                    size: 10602 bytes
(epstopdf)             Command: <repstopdf --outfile=figures/EPS/impactopt-eps-
converted-to.pdf figures/EPS/impactopt.eps>
(epstopdf)             \includegraphics on input line 28.
Package epstopdf Info: Output file is already uptodate.

<figures/EPS/impactopt-eps-converted-to.pdf, id=421, 596.2275pt x 336.25626pt>
File: figures/EPS/impactopt-eps-converted-to.pdf Graphic file (type pdf)

<use figures/EPS/impactopt-eps-converted-to.pdf>
Package pdftex.def Info: figures/EPS/impactopt-eps-converted-to.pdf used on inp
ut line 28.
(pdftex.def)             Requested size: 176.40308pt x 99.48718pt.
Package epstopdf Info: Source file: <figures/EPS/klee-coverage.eps>
(epstopdf)                    date: 2012-10-19 20:10:52
(epstopdf)                    size: 35588 bytes
(epstopdf)             Output file: <figures/EPS/klee-coverage-eps-converted-to
.pdf>
(epstopdf)                    date: 2014-04-11 01:05:03
(epstopdf)                    size: 9260 bytes
(epstopdf)             Command: <repstopdf --outfile=figures/EPS/klee-coverage-
eps-converted-to.pdf figures/EPS/klee-coverage.eps>
(epstopdf)             \includegraphics on input line 36.
Package epstopdf Info: Output file is already uptodate.

<figures/EPS/klee-coverage-eps-converted-to.pdf, id=422, 534.99875pt x 328.2262
6pt>
File: figures/EPS/klee-coverage-eps-converted-to.pdf Graphic file (type pdf)
 <use figures/EPS/klee-coverage-eps-converted-to.pdf>
Package pdftex.def Info: figures/EPS/klee-coverage-eps-converted-to.pdf used on
 input line 36.
(pdftex.def)             Requested size: 146.15662pt x 89.669pt.
)
(./figures/autopar.tex
Overfull \hbox (5.62839pt too wide) in paragraph at lines 20--31
[][] 
 []


Underfull \hbox (badness 10000) in paragraph at lines 31--31
\OT1/ptm/b/n/10 Figure 21. []\OT1/ptm/m/it/10 Testcases for
 []


Underfull \hbox (badness 2057) in paragraph at lines 31--31
\OT1/ptm/m/it/10 crashes (a)Source code [[]]
 []


Overfull \hbox (8.33182pt too wide) in paragraph at lines 50--59
 [][] 
 []


Underfull \hbox (badness 4872) in paragraph at lines 59--59
\OT1/ptm/b/n/10 Figure 22. []\OT1/ptm/m/it/10 Improvement
 []

Package epstopdf Info: Source file: <figures/EPS/parallel-runtime.eps>
(epstopdf)                    date: 2012-10-19 03:14:34
(epstopdf)                    size: 30846 bytes
(epstopdf)             Output file: <figures/EPS/parallel-runtime-eps-converted
-to.pdf>
(epstopdf)                    date: 2014-04-11 01:05:04
(epstopdf)                    size: 10740 bytes
(epstopdf)             Command: <repstopdf --outfile=figures/EPS/parallel-runti
me-eps-converted-to.pdf figures/EPS/parallel-runtime.eps>
(epstopdf)             \includegraphics on input line 69.
Package epstopdf Info: Output file is already uptodate.

<figures/EPS/parallel-runtime-eps-converted-to.pdf, id=425, 568.1225pt x 357.33
5pt>
File: figures/EPS/parallel-runtime-eps-converted-to.pdf Graphic file (type pdf)

 <use figures/EPS/parallel-runtime-eps-converted-to.pdf>
Package pdftex.def Info: figures/EPS/parallel-runtime-eps-converted-to.pdf used
 on input line 69.
(pdftex.def)             Requested size: 120.96277pt x 76.07854pt.
Package epstopdf Info: Source file: <figures/EPS/induction-var.eps>
(epstopdf)                    date: 2012-10-19 03:13:58
(epstopdf)                    size: 30021 bytes
(epstopdf)             Output file: <figures/EPS/induction-var-eps-converted-to
.pdf>
(epstopdf)                    date: 2014-04-11 01:05:06
(epstopdf)                    size: 8817 bytes
(epstopdf)             Command: <repstopdf --outfile=figures/EPS/induction-var-
eps-converted-to.pdf figures/EPS/induction-var.eps>
(epstopdf)             \includegraphics on input line 79.
Package epstopdf Info: Output file is already uptodate.

<figures/EPS/induction-var-eps-converted-to.pdf, id=426, 539.01375pt x 355.3275
pt>
File: figures/EPS/induction-var-eps-converted-to.pdf Graphic file (type pdf)
 <use figures/EPS/induction-var-eps-converted-to.pdf>
Package pdftex.def Info: figures/EPS/induction-var-eps-converted-to.pdf used on
 input line 79.
(pdftex.def)             Requested size: 120.96277pt x 79.7392pt.
) [10 <./figures/EPS/origSymPromotion-eps-converted-to.pdf> <./figures/EPS/part
ition-visualization-eps-converted-to.pdf> <./figures/EPS/unoptperf-eps-converte
d-to.pdf> <./figures/EPS/optperf-eps-converted-to.pdf> <./figures/EPS/pe-binari
es-eps-converted-to.pdf>]) (./related.tex
Underfull \hbox (badness 1776) in paragraph at lines 17--28
[]\OT1/ptm/m/n/10 Virtual ma-chines [[]] im-ple-ment stack-walking tech-
 []


Underfull \vbox (badness 10000) has occurred while \output is active []

 [11 <./figures/EPS/impactunopt-eps-converted-to.pdf> <./figures/EPS/impactopt-
eps-converted-to.pdf> <./figures/EPS/klee-coverage-eps-converted-to.pdf> <./fig
ures/EPS/parallel-runtime-eps-converted-to.pdf> <./figures/EPS/induction-var-ep
s-converted-to.pdf>]) (./conclusions.tex) (./main.bbl
LaTeX Font Info:    Try loading font information for OT1+pcr on input line 10.

(/usr/local/texlive/2013/texmf-dist/tex/latex/psnfss/ot1pcr.fd
File: ot1pcr.fd 2001/06/04 font definitions for OT1/pcr.
)
Underfull \hbox (badness 2326) in paragraph at lines 9--11
[]\OT1/ptm/m/n/8 Announcement for Bi-nary Ex-e-cutable Trans-forms.  [][]$\OT1/
pcr/m/n/8 http : / /
 []

)
Package atveryend Info: Empty hook `BeforeClearDocument' on input line 137.
 [12]
Package atveryend Info: Empty hook `AfterLastShipout' on input line 137.
 (./main.aux)
Package atveryend Info: Executing hook `AtVeryEndDocument' on input line 137.
Package atveryend Info: Empty hook `AtEndAfterFileList' on input line 137.
Package atveryend Info: Empty hook `AtVeryVeryEnd' on input line 137.
 )
(\end occurred inside a group at level 4)

### simple group (level 4) entered at line 69 ({)
### simple group (level 3) entered at line 68 ({)
### simple group (level 2) entered at line 65 ({)
### simple group (level 1) entered at line 65 ({)
### bottom level 
Here is how much of TeX's memory you used:
 8801 strings out of 493315
 128259 string characters out of 6137904
 246267 words of memory out of 5000000
 11912 multiletter control sequences out of 15000+600000
 33817 words of font info for 68 fonts, out of 8000000 for 9000
 957 hyphenation exceptions out of 8191
 36i,30n,30p,1322b,835s stack positions out of 5000i,500n,10000p,200000b,80000s
{/usr/local/texlive/2013/texmf-dist/fonts/enc/dvips/base/8r.enc
}</usr/local/texlive/2013/texmf-dist/fonts/type1/public/amsfonts/cmextra/cmex7.
pfb></usr/local/texlive/2013/texmf-dist/fonts/type1/public/amsfonts/cm/cmmi10.p
fb></usr/local/texlive/2013/texmf-dist/fonts/type1/public/amsfonts/cm/cmmi5.pfb
></usr/local/texlive/2013/texmf-dist/fonts/type1/public/amsfonts/cm/cmmi7.pfb><
/usr/local/texlive/2013/texmf-dist/fonts/type1/public/amsfonts/cm/cmr10.pfb></u
sr/local/texlive/2013/texmf-dist/fonts/type1/public/amsfonts/cm/cmr5.pfb></usr/
local/texlive/2013/texmf-dist/fonts/type1/public/amsfonts/cm/cmr7.pfb></usr/loc
al/texlive/2013/texmf-dist/fonts/type1/public/amsfonts/cm/cmsy10.pfb></usr/loca
l/texlive/2013/texmf-dist/fonts/type1/public/amsfonts/cm/cmsy5.pfb></usr/local/
texlive/2013/texmf-dist/fonts/type1/public/amsfonts/cm/cmsy7.pfb></usr/local/te
xlive/2013/texmf-dist/fonts/type1/urw/courier/ucrr8a.pfb></usr/local/texlive/20
13/texmf-dist/fonts/type1/urw/times/utmb8a.pfb></usr/local/texlive/2013/texmf-d
ist/fonts/type1/urw/times/utmbi8a.pfb></usr/local/texlive/2013/texmf-dist/fonts
/type1/urw/times/utmr8a.pfb></usr/local/texlive/2013/texmf-dist/fonts/type1/urw
/times/utmri8a.pfb>
Output written on main.pdf (12 pages, 493607 bytes).
PDF statistics:
 656 PDF objects out of 1000 (max. 8388607)
 535 compressed objects within 6 object streams
 134 named destinations out of 1000 (max. 500000)
 91 words of extra memory for PDF output out of 10000 (max. 10000000)

