This is pdfTeX, Version 3.1415926-2.5-1.40.14 (TeX Live 2013) (format=pdflatex 2013.5.30)  29 OCT 2014 22:33
entering extended mode
 restricted \write18 enabled.
 %&-line parsing enabled.
**mainthesis.tex
(./mainthesis.tex
LaTeX2e <2011/06/27>
Babel <3.9f> and hyphenation patterns for 78 languages loaded.
(./thesis.cls
Document Class: thesis 2006/04/26 v0.1
(/usr/local/texlive/2013/texmf-dist/tex/latex/base/size12.clo
File: size12.clo 2007/10/19 v1.4h Standard LaTeX file (size option)
)
\c@part=\count79
\c@chapter=\count80
\c@section=\count81
\c@subsection=\count82
\c@subsubsection=\count83
\c@paragraph=\count84
\c@subparagraph=\count85
\c@figure=\count86
\c@table=\count87
\abovecaptionskip=\skip41
\belowcaptionskip=\skip42
\bibindent=\dimen102
) (./titlesec.sty
Package: titlesec 2011/12/15 v2.10.0 Sectioning titles
\ttl@box=\box26
\beforetitleunit=\skip43
\aftertitleunit=\skip44
\ttl@plus=\dimen103
\ttl@minus=\dimen104
\ttl@toksa=\toks14
\titlewidth=\dimen105
\titlewidthlast=\dimen106
\titlewidthfirst=\dimen107
) (/usr/local/texlive/2013/texmf-dist/tex/latex/graphics/graphicx.sty
Package: graphicx 1999/02/16 v1.0f Enhanced LaTeX Graphics (DPC,SPQR)

(/usr/local/texlive/2013/texmf-dist/tex/latex/graphics/keyval.sty
Package: keyval 1999/03/16 v1.13 key=value parser (DPC)
\KV@toks@=\toks15
)
(/usr/local/texlive/2013/texmf-dist/tex/latex/graphics/graphics.sty
Package: graphics 2009/02/05 v1.0o Standard LaTeX Graphics (DPC,SPQR)

(/usr/local/texlive/2013/texmf-dist/tex/latex/graphics/trig.sty
Package: trig 1999/03/16 v1.09 sin cos tan (DPC)
)
(/usr/local/texlive/2013/texmf-dist/tex/latex/latexconfig/graphics.cfg
File: graphics.cfg 2010/04/23 v1.9 graphics configuration of TeX Live
)
Package graphics Info: Driver file: pdftex.def on input line 91.

(/usr/local/texlive/2013/texmf-dist/tex/latex/pdftex-def/pdftex.def
File: pdftex.def 2011/05/27 v0.06d Graphics/color for pdfTeX

(/usr/local/texlive/2013/texmf-dist/tex/generic/oberdiek/infwarerr.sty
Package: infwarerr 2010/04/08 v1.3 Providing info/warning/error messages (HO)
)
(/usr/local/texlive/2013/texmf-dist/tex/generic/oberdiek/ltxcmds.sty
Package: ltxcmds 2011/11/09 v1.22 LaTeX kernel commands for general use (HO)
)
\Gread@gobject=\count88
))
\Gin@req@height=\dimen108
\Gin@req@width=\dimen109
)
(./cite.sty
LaTeX Info: Redefining \cite on input line 302.
LaTeX Info: Redefining \nocite on input line 373.
Package: cite 2010/09/10  v 5.3
) (./lscape.sty
Package: lscape 2000/10/22 v3.01 Landscape Pages (DPC)
) (./indentfirst.sty
Package: indentfirst 1995/11/23 v1.03 Indent first paragraph (DPC)
) (./latexsym.sty
Package: latexsym 1998/08/17 v2.2e Standard LaTeX package (lasy symbols)
\symlasy=\mathgroup4
LaTeX Font Info:    Overwriting symbol font `lasy' in version `bold'
(Font)                  U/lasy/m/n --> U/lasy/b/n on input line 42.
)
(./multirow.sty
\bigstrutjot=\dimen110
) (./tabls.sty
\tablinesep=\dimen111
\arraylinesep=\dimen112
\extrarulesep=\dimen113
\@arstdepth=\dimen114
\@arstheight=\dimen115
\@skip@bove=\dimen116
)
(/usr/local/texlive/2013/texmf-dist/tex/latex/wrapfig/wrapfig.sty
\wrapoverhang=\dimen117
\WF@size=\dimen118
\c@WF@wrappedlines=\count89
\WF@box=\box27
\WF@everypar=\toks16
Package: wrapfig 2003/01/31  v 3.6
)
(./slashbox.sty
slashbox style by K.Yasuoka, May 1993.
\@slashboxa=\box28
\@slashboxb=\box29
\@slashboxc=\box30
\@slashboxwd=\count90
\@slashboxht=\count91
\@slashsepl=\dimen119
\@slashsepr=\dimen120
) (./longtable.sty
Package: longtable 2004/02/01 v4.11 Multi-page Table package (DPC)
\LTleft=\skip45
\LTright=\skip46
\LTpre=\skip47
\LTpost=\skip48
\LTchunksize=\count92
\LTcapwidth=\dimen121
\LT@head=\box31
\LT@firsthead=\box32
\LT@foot=\box33
\LT@lastfoot=\box34
\LT@cols=\count93
\LT@rows=\count94
\c@LT@tables=\count95
\c@LT@chunks=\count96
\LT@p@ftn=\toks17
) (./supertabular.sty
Package: supertabular 2004/02/20 v4.1e the supertabular environment
\c@tracingst=\count97
\ST@wd=\dimen122
\ST@rightskip=\skip49
\ST@leftskip=\skip50
\ST@parfillskip=\skip51
\ST@pageleft=\dimen123
\ST@headht=\dimen124
\ST@tailht=\dimen125
\ST@pagesofar=\dimen126
\ST@pboxht=\dimen127
\ST@lineht=\dimen128
\ST@stretchht=\dimen129
\ST@prevht=\dimen130
\ST@toadd=\dimen131
\ST@dimen=\dimen132
\ST@pbox=\box35
)
(/usr/local/texlive/2013/texmf-dist/tex/latex/subeqn/subeqn.sty
Package: subeqn 2004/04/15 v2.0b subnumbering of equations
)
(/usr/local/texlive/2013/texmf-dist/tex/latex/subfigure/subfigure.sty
Package: subfigure 2002/03/15 v2.1.5 subfigure package
\subfigtopskip=\skip52
\subfigcapskip=\skip53
\subfigcaptopadj=\dimen133
\subfigbottomskip=\skip54
\subfigcapmargin=\dimen134
\subfiglabelskip=\skip55
\c@subfigure=\count98
\c@lofdepth=\count99
\c@subtable=\count100
\c@lotdepth=\count101

****************************************
* Local config file subfigure.cfg used *
****************************************
(/usr/local/texlive/2013/texmf-dist/tex/latex/subfigure/subfigure.cfg)
\subfig@top=\skip56
\subfig@bottom=\skip57
)
(/usr/local/texlive/2013/texmf-dist/tex/latex/tools/verbatim.sty
Package: verbatim 2003/08/22 v1.5q LaTeX2e package for verbatim enhancements
\every@verbatim=\toks18
\verbatim@line=\toks19
\verbatim@in@stream=\read1
)
(/usr/local/texlive/2013/texmf-dist/tex/latex/url/url.sty
\Urlmuskip=\muskip10
Package: url 2006/04/12  ver 3.3  Verb mode for urls, etc.
)
(/usr/local/texlive/2013/texmf-dist/tex/latex/lineno/lineno.sty
Package: lineno 2005/11/02 line numbers on paragraphs v4.41
\linenopenalty=\count102
\output=\toks20
\linenoprevgraf=\count103
\linenumbersep=\dimen135
\linenumberwidth=\dimen136
\c@linenumber=\count104
\c@pagewiselinenumber=\count105
\c@LN@truepage=\count106
\c@internallinenumber=\count107
\c@internallinenumbers=\count108
\quotelinenumbersep=\dimen137
\bframerule=\dimen138
\bframesep=\dimen139
\bframebox=\box36
LaTeX Info: Redefining \\ on input line 3056.
)
(/usr/local/texlive/2013/texmf-dist/tex/latex/hyperref/hyperref.sty
Package: hyperref 2012/11/06 v6.83m Hypertext links for LaTeX

(/usr/local/texlive/2013/texmf-dist/tex/generic/oberdiek/hobsub-hyperref.sty
Package: hobsub-hyperref 2012/05/28 v1.13 Bundle oberdiek, subset hyperref (HO)


(/usr/local/texlive/2013/texmf-dist/tex/generic/oberdiek/hobsub-generic.sty
Package: hobsub-generic 2012/05/28 v1.13 Bundle oberdiek, subset generic (HO)
Package: hobsub 2012/05/28 v1.13 Construct package bundles (HO)
Package hobsub Info: Skipping package `infwarerr' (already loaded).
Package hobsub Info: Skipping package `ltxcmds' (already loaded).
Package: ifluatex 2010/03/01 v1.3 Provides the ifluatex switch (HO)
Package ifluatex Info: LuaTeX not detected.
Package: ifvtex 2010/03/01 v1.5 Detect VTeX and its facilities (HO)
Package ifvtex Info: VTeX not detected.
Package: intcalc 2007/09/27 v1.1 Expandable calculations with integers (HO)
Package: ifpdf 2011/01/30 v2.3 Provides the ifpdf switch (HO)
Package ifpdf Info: pdfTeX in PDF mode is detected.
Package: etexcmds 2011/02/16 v1.5 Avoid name clashes with e-TeX commands (HO)
Package etexcmds Info: Could not find \expanded.
(etexcmds)             That can mean that you are not using pdfTeX 1.50 or
(etexcmds)             that some package has redefined \expanded.
(etexcmds)             In the latter case, load this package earlier.
Package: kvsetkeys 2012/04/25 v1.16 Key value parser (HO)
Package: kvdefinekeys 2011/04/07 v1.3 Define keys (HO)
Package: pdftexcmds 2011/11/29 v0.20 Utility functions of pdfTeX for LuaTeX (HO
)
Package pdftexcmds Info: LuaTeX not detected.
Package pdftexcmds Info: \pdf@primitive is available.
Package pdftexcmds Info: \pdf@ifprimitive is available.
Package pdftexcmds Info: \pdfdraftmode found.
Package: pdfescape 2011/11/25 v1.13 Implements pdfTeX's escape features (HO)
Package: bigintcalc 2012/04/08 v1.3 Expandable calculations on big integers (HO
)
Package: bitset 2011/01/30 v1.1 Handle bit-vector datatype (HO)
Package: uniquecounter 2011/01/30 v1.2 Provide unlimited unique counter (HO)
)
Package hobsub Info: Skipping package `hobsub' (already loaded).
Package: letltxmacro 2010/09/02 v1.4 Let assignment for LaTeX macros (HO)
Package: hopatch 2012/05/28 v1.2 Wrapper for package hooks (HO)
Package: xcolor-patch 2011/01/30 xcolor patch
Package: atveryend 2011/06/30 v1.8 Hooks at the very end of document (HO)
Package atveryend Info: \enddocument detected (standard20110627).
Package: atbegshi 2011/10/05 v1.16 At begin shipout hook (HO)
Package: refcount 2011/10/16 v3.4 Data extraction from label references (HO)
Package: hycolor 2011/01/30 v1.7 Color options for hyperref/bookmark (HO)
)
(/usr/local/texlive/2013/texmf-dist/tex/generic/ifxetex/ifxetex.sty
Package: ifxetex 2010/09/12 v0.6 Provides ifxetex conditional
)
(/usr/local/texlive/2013/texmf-dist/tex/latex/oberdiek/auxhook.sty
Package: auxhook 2011/03/04 v1.3 Hooks for auxiliary files (HO)
)
(/usr/local/texlive/2013/texmf-dist/tex/latex/oberdiek/kvoptions.sty
Package: kvoptions 2011/06/30 v3.11 Key value format for package options (HO)
)
\@linkdim=\dimen140
\Hy@linkcounter=\count109
\Hy@pagecounter=\count110

(/usr/local/texlive/2013/texmf-dist/tex/latex/hyperref/pd1enc.def
File: pd1enc.def 2012/11/06 v6.83m Hyperref: PDFDocEncoding definition (HO)
)
\Hy@SavedSpaceFactor=\count111

(/usr/local/texlive/2013/texmf-dist/tex/latex/latexconfig/hyperref.cfg
File: hyperref.cfg 2002/06/06 v1.2 hyperref configuration of TeXLive
)
Package hyperref Info: Hyper figures OFF on input line 4443.
Package hyperref Info: Link nesting OFF on input line 4448.
Package hyperref Info: Hyper index ON on input line 4451.
Package hyperref Info: Plain pages OFF on input line 4458.
Package hyperref Info: Backreferencing OFF on input line 4463.
Package hyperref Info: Implicit mode ON; LaTeX internals redefined.
Package hyperref Info: Bookmarks ON on input line 4688.
\c@Hy@tempcnt=\count112
LaTeX Info: Redefining \url on input line 5041.
\XeTeXLinkMargin=\dimen141
\Fld@menulength=\count113
\Field@Width=\dimen142
\Fld@charsize=\dimen143
Package hyperref Info: Hyper figures OFF on input line 6295.
Package hyperref Info: Link nesting OFF on input line 6300.
Package hyperref Info: Hyper index ON on input line 6303.
Package hyperref Info: backreferencing OFF on input line 6310.
Package hyperref Info: Link coloring OFF on input line 6315.
Package hyperref Info: Link coloring with OCG OFF on input line 6320.
Package hyperref Info: PDF/A mode OFF on input line 6325.
LaTeX Info: Redefining \ref on input line 6365.
LaTeX Info: Redefining \pageref on input line 6369.
\Hy@abspage=\count114
\c@Item=\count115
\c@Hfootnote=\count116
)

Package hyperref Message: Driver (autodetected): hpdftex.

(/usr/local/texlive/2013/texmf-dist/tex/latex/hyperref/hpdftex.def
File: hpdftex.def 2012/11/06 v6.83m Hyperref driver for pdfTeX
\Fld@listcount=\count117
\c@bookmark@seq@number=\count118

(/usr/local/texlive/2013/texmf-dist/tex/latex/oberdiek/rerunfilecheck.sty
Package: rerunfilecheck 2011/04/15 v1.7 Rerun checks for auxiliary files (HO)
Package uniquecounter Info: New unique counter `rerunfilecheck' on input line 2
82.
)
\Hy@SectionHShift=\skip58
)
(/usr/local/texlive/2013/texmf-dist/tex/latex/amsfonts/amssymb.sty
Package: amssymb 2013/01/14 v3.01 AMS font symbols

(/usr/local/texlive/2013/texmf-dist/tex/latex/amsfonts/amsfonts.sty
Package: amsfonts 2013/01/14 v3.01 Basic AMSFonts support
\@emptytoks=\toks21
\symAMSa=\mathgroup5
\symAMSb=\mathgroup6
LaTeX Font Info:    Overwriting math alphabet `\mathfrak' in version `bold'
(Font)                  U/euf/m/n --> U/euf/b/n on input line 106.
))
(./mainthesis.aux (./Abstract.aux) (./Titlepage.aux) (./Copyright.aux)
(./Acknowledgements.aux) (./Chapter1.aux) (./Chapter2.aux) (./Chapter3.aux)
(./Chapter4.aux) (./Chapter5.aux) (./Chapter6.aux) (./Chapter7.aux)
(./Chapter8.aux))
\openout1 = `mainthesis.aux'.

LaTeX Font Info:    Checking defaults for OML/cmm/m/it on input line 42.
LaTeX Font Info:    ... okay on input line 42.
LaTeX Font Info:    Checking defaults for T1/cmr/m/n on input line 42.
LaTeX Font Info:    ... okay on input line 42.
LaTeX Font Info:    Checking defaults for OT1/cmr/m/n on input line 42.
LaTeX Font Info:    ... okay on input line 42.
LaTeX Font Info:    Checking defaults for OMS/cmsy/m/n on input line 42.
LaTeX Font Info:    ... okay on input line 42.
LaTeX Font Info:    Checking defaults for OMX/cmex/m/n on input line 42.
LaTeX Font Info:    ... okay on input line 42.
LaTeX Font Info:    Checking defaults for U/cmr/m/n on input line 42.
LaTeX Font Info:    ... okay on input line 42.
LaTeX Font Info:    Checking defaults for PD1/pdf/m/n on input line 42.
LaTeX Font Info:    ... okay on input line 42.

(/usr/local/texlive/2013/texmf-dist/tex/context/base/supp-pdf.mkii
[Loading MPS to PDF converter (version 2006.09.02).]
\scratchcounter=\count119
\scratchdimen=\dimen144
\scratchbox=\box37
\nofMPsegments=\count120
\nofMParguments=\count121
\everyMPshowfont=\toks22
\MPscratchCnt=\count122
\MPscratchDim=\dimen145
\MPnumerator=\count123
\makeMPintoPDFobject=\count124
\everyMPtoPDFconversion=\toks23
) (/usr/local/texlive/2013/texmf-dist/tex/latex/oberdiek/epstopdf-base.sty
Package: epstopdf-base 2010/02/09 v2.5 Base part for package epstopdf

(/usr/local/texlive/2013/texmf-dist/tex/latex/oberdiek/grfext.sty
Package: grfext 2010/08/19 v1.1 Manage graphics extensions (HO)
)
Package grfext Info: Graphics extension search list:
(grfext)             [.png,.pdf,.jpg,.mps,.jpeg,.jbig2,.jb2,.PNG,.PDF,.JPG,.JPE
G,.JBIG2,.JB2,.eps]
(grfext)             \AppendGraphicsExtensions on input line 452.

(/usr/local/texlive/2013/texmf-dist/tex/latex/latexconfig/epstopdf-sys.cfg
File: epstopdf-sys.cfg 2010/07/13 v1.3 Configuration of (r)epstopdf for TeX Liv
e
))
\AtBeginShipoutBox=\box38
Package hyperref Info: Link coloring OFF on input line 42.

(/usr/local/texlive/2013/texmf-dist/tex/latex/hyperref/nameref.sty
Package: nameref 2012/10/27 v2.43 Cross-referencing by name of section

(/usr/local/texlive/2013/texmf-dist/tex/generic/oberdiek/gettitlestring.sty
Package: gettitlestring 2010/12/03 v1.4 Cleanup title references (HO)
)
\c@section@level=\count125
)
LaTeX Info: Redefining \ref on input line 42.
LaTeX Info: Redefining \pageref on input line 42.
LaTeX Info: Redefining \nameref on input line 42.

(./mainthesis.out) (./mainthesis.out)
\@outlinefile=\write3
\openout3 = `mainthesis.out'.

\openout2 = `Abstract.aux'.

 (./Abstract.tex
LaTeX Font Info:    Try loading font information for U+lasy on input line 15.

(/usr/local/texlive/2013/texmf-dist/tex/latex/base/ulasy.fd
File: ulasy.fd 1998/08/17 v2.2e LaTeX symbol font definitions
)
LaTeX Font Info:    Try loading font information for U+msa on input line 15.

(/usr/local/texlive/2013/texmf-dist/tex/latex/amsfonts/umsa.fd
File: umsa.fd 2013/01/14 v3.01 AMS symbols A
)
LaTeX Font Info:    Try loading font information for U+msb on input line 15.

(/usr/local/texlive/2013/texmf-dist/tex/latex/amsfonts/umsb.fd
File: umsb.fd 2013/01/14 v3.01 AMS symbols B
)
Overfull \hbox (45.16553pt too wide) in paragraph at lines 14--25
  [] 
 []

) [1


{/usr/local/texlive/2013/texmf-var/fonts/map/pdftex/updmap/pdftex.map}]
\openout2 = `Titlepage.aux'.


(./Titlepage.tex) [2


]
\openout2 = `Copyright.aux'.

 (./Copyright.tex
LaTeX Font Info:    Try loading font information for OMS+cmr on input line 13.

(/usr/local/texlive/2013/texmf-dist/tex/latex/base/omscmr.fd
File: omscmr.fd 1999/05/25 v2.5h Standard LaTeX font definitions
)
LaTeX Font Info:    Font shape `OMS/cmr/m/n' in size <14.4> not available
(Font)              Font shape `OMS/cmsy/m/n' tried instead on input line 13.
) [3


]
\openout2 = `Acknowledgements.aux'.


(./Acknowledgements.tex [2


]) [3] (./mainthesis.toc)
\tf@toc=\write4
\openout4 = `mainthesis.toc'.

 [4

] (./mainthesis.lof)
\tf@lof=\write5
\openout5 = `mainthesis.lof'.


[5]
\openout2 = `Chapter1.aux'.

 (./Chapter1.tex
Chapter 1.
pdfTeX warning (ext4): destination with the same identifier (name{page.1}) has 
been already used, duplicate ignored
<to be read again> 
                   \relax 
l.12 
      [1

]
LaTeX Font Info:    Font shape `OMS/cmr/m/n' in size <12> not available
(Font)              Font shape `OMS/cmsy/m/n' tried instead on input line 25.
pdfTeX warning (ext4): destination with the same identifier (name{page.2}) has 
been already used, duplicate ignored
<to be read again> 
                   \relax 
l.27 \item {
            \bf Data distribution} The data space for each array is distribu...
[2]pdfTeX warning (ext4): destination with the same identifier (name{page.3}) h
as been already used, duplicate ignored
<to be read again> 
                   \relax 
l.38 
      [3] [4] [5]) [6] [7]
\openout2 = `Chapter2.aux'.

 (./Chapter2.tex
Chapter 2.
<./Figures/block_dist.pdf, id=246, 456.84982pt x 312.59174pt>
File: ./Figures/block_dist.pdf Graphic file (type pdf)

<use ./Figures/block_dist.pdf>
Package pdftex.def Info: ./Figures/block_dist.pdf used on input line 13.
(pdftex.def)             Requested size: 426.39255pt x 291.75189pt.
 [8


] [9 <./Figures/block_dist.pdf>]
<./Figures/cyc_dist.pdf, id=291, 455.31497pt x 310.29929pt>
File: ./Figures/cyc_dist.pdf Graphic file (type pdf)

<use ./Figures/cyc_dist.pdf>
Package pdftex.def Info: ./Figures/cyc_dist.pdf used on input line 26.
(pdftex.def)             Requested size: 426.39255pt x 290.58763pt.

<./Figures/block_cyc_dist.pdf, id=292, 456.55768pt x 310.69295pt>
File: ./Figures/block_cyc_dist.pdf Graphic file (type pdf)

<use ./Figures/block_cyc_dist.pdf>
Package pdftex.def Info: ./Figures/block_cyc_dist.pdf used on input line 37.
(pdftex.def)             Requested size: 426.39255pt x 290.17879pt.
 [10 <./Figures/cyc_dist.pdf>] [11 <./Figures/block_cyc_dist.pdf>] [12]) [13]
\openout2 = `Chapter3.aux'.

 (./Chapter3.tex
Chapter 3.
[14


] [15]
Overfull \hbox (10.36093pt too wide) in paragraph at lines 23--24
\OT1/cmr/m/n/12 prim-i-tives for Chapel de-vel-op-ers as li-brary calls, \OT1/c
mtt/m/n/12 chpl[]comm[]gets \OT1/cmr/m/n/12 and \OT1/cmtt/m/n/12 chpl[]comm[]pu
ts\OT1/cmr/m/n/12 .
 []

[16]) [17]
\openout2 = `Chapter4.aux'.

 (./Chapter4.tex
Chapter 4.
Package epstopdf Info: Source file: <./Figures/modulo_unrolling.eps>
(epstopdf)                    date: 2014-05-20 21:23:17
(epstopdf)                    size: 1497844 bytes
(epstopdf)             Output file: <./Figures/modulo_unrolling-eps-converted-t
o.pdf>
(epstopdf)                    date: 2014-05-20 21:24:43
(epstopdf)                    size: 69261 bytes
(epstopdf)             Command: <repstopdf --outfile=./Figures/modulo_unrolling
-eps-converted-to.pdf ./Figures/modulo_unrolling.eps>
(epstopdf)             \includegraphics on input line 18.
Package epstopdf Info: Output file is already uptodate.

<./Figures/modulo_unrolling-eps-converted-to.pdf, id=417, 519.9425pt x 475.7775
pt>
File: ./Figures/modulo_unrolling-eps-converted-to.pdf Graphic file (type pdf)
 <use ./Figures/modulo_unrolling-eps-converted-to.pdf>
Package pdftex.def Info: ./Figures/modulo_unrolling-eps-converted-to.pdf used o
n input line 18.
(pdftex.def)             Requested size: 367.64316pt x 336.41049pt.
 [18


] [19 <./Figures/modulo_unrolling-eps-converted-to.pdf>]) [20] [21]
\openout2 = `Chapter5.aux'.

 (./Chapter5.tex
Chapter 5.
<./Figures/jacobi.pdf, id=447, 460.60286pt x 248.61864pt>
File: ./Figures/jacobi.pdf Graphic file (type pdf)

<use ./Figures/jacobi.pdf>
Package pdftex.def Info: ./Figures/jacobi.pdf used on input line 15.
(pdftex.def)             Requested size: 426.39255pt x 230.15453pt.

<./Figures/aggregation.pdf, id=448, 512.41312pt x 514.94324pt>
File: ./Figures/aggregation.pdf Graphic file (type pdf)

<use ./Figures/aggregation.pdf>
Package pdftex.def Info: ./Figures/aggregation.pdf used on input line 26.
(pdftex.def)             Requested size: 426.39255pt x 428.49495pt.
 [22


] [23 <./Figures/jacobi.pdf>] [24 <./Figures/aggregation.pdf>] [25] [26]) [27]
\openout2 = `Chapter6.aux'.

 (./Chapter6.tex
Chapter 6.

Overfull \hbox (10.44708pt too wide) in paragraph at lines 5--5
 |[]\OT1/cmr/m/n/14.4 Message Ag-gre-ga-tion Loop Op-ti-miza-tion for Par-al-le
l Affine
 []

<./Figures/transformations.pdf, id=603, 708.78345pt x 526.0985pt>
File: ./Figures/transformations.pdf Graphic file (type pdf)

<use ./Figures/transformations.pdf>
Package pdftex.def Info: ./Figures/transformations.pdf used on input line 13.
(pdftex.def)             Requested size: 426.39255pt x 316.48837pt.

Underfull \hbox (badness 10000) in paragraph at lines 24--25

 []

[28


] [29 <./Figures/transformations.pdf>]
LaTeX Font Info:    Font shape `OT1/cmtt/bx/n' in size <12> not available
(Font)              Font shape `OT1/cmtt/m/n' tried instead on input line 26.
LaTeX Font Info:    Try loading font information for OMS+cmtt on input line 26.

LaTeX Font Info:    No file OMScmtt.fd. on input line 26.


LaTeX Font Warning: Font shape `OMS/cmtt/m/n' undefined
(Font)              using `OMS/cmsy/m/n' instead
(Font)              for symbol `textbraceleft' on input line 26.


Underfull \hbox (badness 10000) in paragraph at lines 30--31

 []


Underfull \hbox (badness 10000) in paragraph at lines 32--33

 []


Underfull \hbox (badness 10000) in paragraph at lines 38--39

 []

[30] [31] [32] [33]) [34] [35]
\openout2 = `Chapter7.aux'.

 (./Chapter7.tex
Chapter 7.
[36


] [37] <./Figures/affine_loop.pdf, id=740, 528.95787pt x 206.08725pt>
File: ./Figures/affine_loop.pdf Graphic file (type pdf)

<use ./Figures/affine_loop.pdf>
Package pdftex.def Info: ./Figures/affine_loop.pdf used on input line 27.
(pdftex.def)             Requested size: 426.39255pt x 166.131pt.
 [38 <./Figures/affine_loop.pdf>]
<./Figures/cyclic_muwu_follower_before.pdf, id=791, 644.76338pt x 170.08142pt>
File: ./Figures/cyclic_muwu_follower_before.pdf Graphic file (type pdf)

<use ./Figures/cyclic_muwu_follower_before.pdf>
Package pdftex.def Info: ./Figures/cyclic_muwu_follower_before.pdf used on inpu
t line 42.
(pdftex.def)             Requested size: 426.39255pt x 112.47726pt.

<./Figures/cyclic_muwu_follower_after.pdf, id=792, 685.3932pt x 417.00914pt>
File: ./Figures/cyclic_muwu_follower_after.pdf Graphic file (type pdf)

<use ./Figures/cyclic_muwu_follower_after.pdf>
Package pdftex.def Info: ./Figures/cyclic_muwu_follower_after.pdf used on input
 line 43.
(pdftex.def)             Requested size: 426.39255pt x 259.42744pt.

<./Figures/block_cyc_muwu_leader.pdf, id=793, 633.53381pt x 339.33606pt>
File: ./Figures/block_cyc_muwu_leader.pdf Graphic file (type pdf)

<use ./Figures/block_cyc_muwu_leader.pdf>
Package pdftex.def Info: ./Figures/block_cyc_muwu_leader.pdf used on input line
 56.
(pdftex.def)             Requested size: 426.39255pt x 228.38435pt.
 [39] [40 <./Figures/cyclic_muwu_follower_before.pdf> <./Figures/cyclic_muwu_fo
llower_after.pdf>] [41 <./Figures/block_cyc_muwu_leader.pdf>] [42] [43] [44]) [
45]
\openout2 = `Chapter8.aux'.

 (./Chapter8.tex
Chapter 8.
<./Figures/Benchmarks.pdf, id=951, 428.5886pt x 296.31512pt>
File: ./Figures/Benchmarks.pdf Graphic file (type pdf)

<use ./Figures/Benchmarks.pdf>
Package pdftex.def Info: ./Figures/Benchmarks.pdf used on input line 13.
(pdftex.def)             Requested size: 426.39255pt x 294.81328pt.
 [46


] [47 <./Figures/Benchmarks.pdf>] [48]
Package epstopdf Info: Source file: <./Figures/runtimes.eps>
(epstopdf)                    date: 2014-08-04 20:19:49
(epstopdf)                    size: 357689 bytes
(epstopdf)             Output file: <./Figures/runtimes-eps-converted-to.pdf>
(epstopdf)                    date: 2014-08-04 20:22:43
(epstopdf)                    size: 102675 bytes
(epstopdf)             Command: <repstopdf --outfile=./Figures/runtimes-eps-con
verted-to.pdf ./Figures/runtimes.eps>
(epstopdf)             \includegraphics on input line 36.
Package epstopdf Info: Output file is already uptodate.

<./Figures/runtimes-eps-converted-to.pdf, id=992, 849.1725pt x 596.2275pt>
File: ./Figures/runtimes-eps-converted-to.pdf Graphic file (type pdf)

<use ./Figures/runtimes-eps-converted-to.pdf>
Package pdftex.def Info: ./Figures/runtimes-eps-converted-to.pdf used on input 
line 36.
(pdftex.def)             Requested size: 426.39255pt x 299.38669pt.
Package epstopdf Info: Source file: <./Figures/message_counts.eps>
(epstopdf)                    date: 2014-08-04 20:22:06
(epstopdf)                    size: 365877 bytes
(epstopdf)             Output file: <./Figures/message_counts-eps-converted-to.
pdf>
(epstopdf)                    date: 2014-08-04 20:22:45
(epstopdf)                    size: 104945 bytes
(epstopdf)             Command: <repstopdf --outfile=./Figures/message_counts-e
ps-converted-to.pdf ./Figures/message_counts.eps>
(epstopdf)             \includegraphics on input line 49.
Package epstopdf Info: Output file is already uptodate.

<./Figures/message_counts-eps-converted-to.pdf, id=994, 849.1725pt x 596.2275pt
>
File: ./Figures/message_counts-eps-converted-to.pdf Graphic file (type pdf)
 <use ./Figures/message_counts-eps-converted-to.pdf>
Package pdftex.def Info: ./Figures/message_counts-eps-converted-to.pdf used on 
input line 49.
(pdftex.def)             Requested size: 426.39255pt x 299.38669pt.
 [49] [50 <./Figures/runtimes-eps-converted-to.pdf>] [51 <./Figures/message_cou
nts-eps-converted-to.pdf>] [52] <./Figures/strong_scaling/pascal.pdf, id=1023, 
696.65034pt x 285.8425pt>
File: ./Figures/strong_scaling/pascal.pdf Graphic file (type pdf)

<use ./Figures/strong_scaling/pascal.pdf>
Package pdftex.def Info: ./Figures/strong_scaling/pascal.pdf used on input line
 68.
(pdftex.def)             Requested size: 426.39255pt x 174.95683pt.
 [53] [54 <./Figures/strong_scaling/pascal.pdf>]
<./Figures/strong_scaling/folding.pdf, id=1091, 702.30472pt x 286.74608pt>
File: ./Figures/strong_scaling/folding.pdf Graphic file (type pdf)

<use ./Figures/strong_scaling/folding.pdf>
Package pdftex.def Info: ./Figures/strong_scaling/folding.pdf used on input lin
e 85.
(pdftex.def)             Requested size: 426.39255pt x 174.09665pt.

<./Figures/strong_scaling/jacobi-2d.pdf, id=1094, 702.81718pt x 282.77513pt>
File: ./Figures/strong_scaling/jacobi-2d.pdf Graphic file (type pdf)

<use ./Figures/strong_scaling/jacobi-2d.pdf>
Package pdftex.def Info: ./Figures/strong_scaling/jacobi-2d.pdf used on input l
ine 98.
(pdftex.def)             Requested size: 426.39255pt x 171.55626pt.
 [55 <./Figures/strong_scaling/folding.pdf>] [56 <./Figures/strong_scaling/jaco
bi-2d.pdf>]
<./Figures/strong_scaling/fdtd2d.pdf, id=1179, 691.99863pt x 291.17502pt>
File: ./Figures/strong_scaling/fdtd2d.pdf Graphic file (type pdf)

<use ./Figures/strong_scaling/fdtd2d.pdf>
Package pdftex.def Info: ./Figures/strong_scaling/fdtd2d.pdf used on input line
 111.
(pdftex.def)             Requested size: 426.39255pt x 179.42033pt.

<./Figures/input_variation_exp/pascal.pdf, id=1180, 700.8911pt x 284.62688pt>
File: ./Figures/input_variation_exp/pascal.pdf Graphic file (type pdf)

<use ./Figures/input_variation_exp/pascal.pdf>
Package pdftex.def Info: ./Figures/input_variation_exp/pascal.pdf used on input
 line 124.
(pdftex.def)             Requested size: 426.39255pt x 173.15742pt.
 [57 <./Figures/strong_scaling/fdtd2d.pdf>] [58 <./Figures/input_variation_exp/
pascal.pdf>]
<./Figures/input_variation_exp/folding.pdf, id=1284, 700.74506pt x 290.37282pt>
File: ./Figures/input_variation_exp/folding.pdf Graphic file (type pdf)
<use ./Figures/input_variation_exp/folding.pdf>
Package pdftex.def Info: ./Figures/input_variation_exp/folding.pdf used on inpu
t line 139.
(pdftex.def)             Requested size: 426.39255pt x 176.69295pt.

<./Figures/input_variation_exp/jacobi-2d.pdf, id=1285, 691.24783pt x 284.62688p
t>
File: ./Figures/input_variation_exp/jacobi-2d.pdf Graphic file (type pdf)
 <use ./Figures/input_variation_exp/jacobi-2d.pdf>
Package pdftex.def Info: ./Figures/input_variation_exp/jacobi-2d.pdf used on in
put line 150.
(pdftex.def)             Requested size: 426.39255pt x 175.5765pt.

<./Figures/input_variation_exp/fdtd2d.pdf, id=1286, 699.67305pt x 298.21573pt>
File: ./Figures/input_variation_exp/fdtd2d.pdf Graphic file (type pdf)

<use ./Figures/input_variation_exp/fdtd2d.pdf>
Package pdftex.def Info: ./Figures/input_variation_exp/fdtd2d.pdf used on input
 line 157.
(pdftex.def)             Requested size: 426.39255pt x 181.7384pt.

<./Figures/blocksize_variation_exp/pascal.pdf, id=1287, 698.86853pt x 286.1865p
t>
File: ./Figures/blocksize_variation_exp/pascal.pdf Graphic file (type pdf)
 <use ./Figures/blocksize_variation_exp/pascal.pdf>
Package pdftex.def Info: ./Figures/blocksize_variation_exp/pascal.pdf used on i
nput line 170.
(pdftex.def)             Requested size: 426.39255pt x 174.61281pt.
 [59 <./Figures/input_variation_exp/folding.pdf>] [60 <./Figures/input_variatio
n_exp/jacobi-2d.pdf> <./Figures/input_variation_exp/fdtd2d.pdf>]
<./Figures/blocksize_variation_exp/jacobi-1d.pdf, id=1405, 699.4528pt x 287.352
54pt>
File: ./Figures/blocksize_variation_exp/jacobi-1d.pdf Graphic file (type pdf)
 <use ./Figures/blocksize_variation_exp/jacobi-1d.pdf>
Package pdftex.def Info: ./Figures/blocksize_variation_exp/jacobi-1d.pdf used o
n input line 188.
(pdftex.def)             Requested size: 367.64316pt x 151.03772pt.
) [61 <./Figures/blocksize_variation_exp/pascal.pdf> <./Figures/blocksize_varia
tion_exp/jacobi-1d.pdf>] (./mainthesis.bbl
Missing character: There is no Ì in font cmr12!
Missing character: There is no ˆ in font cmr12!
 [62

] [63]
Underfull \hbox (badness 6348) in paragraph at lines 130--132
[]\OT1/cmr/m/n/12 Polybench/C- The Poly-he-dral Bench-mark Suite.  []$\OT1/cmtt
/m/n/12 http : / / www . cse .
 []

)
Package atveryend Info: Empty hook `BeforeClearDocument' on input line 100.
 [64]
Package atveryend Info: Empty hook `AfterLastShipout' on input line 100.
 (./mainthesis.aux (./Abstract.aux) (./Titlepage.aux) (./Copyright.aux)
(./Acknowledgements.aux) (./Chapter1.aux) (./Chapter2.aux) (./Chapter3.aux)
(./Chapter4.aux) (./Chapter5.aux) (./Chapter6.aux) (./Chapter7.aux)
(./Chapter8.aux))
Package atveryend Info: Executing hook `AtVeryEndDocument' on input line 100.
Package atveryend Info: Executing hook `AtEndAfterFileList' on input line 100.
Package rerunfilecheck Info: File `mainthesis.out' has not changed.
(rerunfilecheck)             Checksum: E8BD44000B50F4F4E6F7260B17F282D1;1483.


LaTeX Font Warning: Some font shapes were not available, defaults substituted.

Package atveryend Info: Empty hook `AtVeryVeryEnd' on input line 100.
 ) 
Here is how much of TeX's memory you used:
 6941 strings out of 493315
 102487 string characters out of 6137904
 188735 words of memory out of 5000000
 10028 multiletter control sequences out of 15000+600000
 12298 words of font info for 52 fonts, out of 8000000 for 9000
 957 hyphenation exceptions out of 8191
 29i,8n,33p,1662b,429s stack positions out of 5000i,500n,10000p,200000b,80000s
</usr/local/texlive/2013/texmf-dist/fonts/type1/public/amsfonts/cm/cmbx12.pfb
></usr/local/texlive/2013/texmf-dist/fonts/type1/public/amsfonts/cm/cmmi12.pfb>
</usr/local/texlive/2013/texmf-dist/fonts/type1/public/amsfonts/cm/cmmi8.pfb></
usr/local/texlive/2013/texmf-dist/fonts/type1/public/amsfonts/cm/cmr10.pfb></us
r/local/texlive/2013/texmf-dist/fonts/type1/public/amsfonts/cm/cmr12.pfb></usr/
local/texlive/2013/texmf-dist/fonts/type1/public/amsfonts/cm/cmr7.pfb></usr/loc
al/texlive/2013/texmf-dist/fonts/type1/public/amsfonts/cm/cmr8.pfb></usr/local/
texlive/2013/texmf-dist/fonts/type1/public/amsfonts/cm/cmsy10.pfb></usr/local/t
exlive/2013/texmf-dist/fonts/type1/public/amsfonts/cm/cmti12.pfb></usr/local/te
xlive/2013/texmf-dist/fonts/type1/public/amsfonts/cm/cmtt12.pfb></usr/local/tex
live/2013/texmf-dist/fonts/type1/public/amsfonts/symbols/msbm10.pfb>
Output written on mainthesis.pdf (71 pages, 2454783 bytes).
PDF statistics:
 1571 PDF objects out of 1728 (max. 8388607)
 1180 compressed objects within 12 object streams
 139 named destinations out of 1000 (max. 500000)
 297 words of extra memory for PDF output out of 10000 (max. 10000000)

