This is pdfTeX, Version 3.1415926-2.5-1.40.14 (TeX Live 2013) (format=pdflatex 2013.5.30)  22 OCT 2014 00:25
entering extended mode
 restricted \write18 enabled.
 %&-line parsing enabled.
**"Modulo Unrolling in Chapel (JPC).tex"
(./Modulo Unrolling in Chapel (JPC).tex
LaTeX2e <2011/06/27>
Babel <3.9f> and hyphenation patterns for 78 languages loaded.
(/usr/local/texlive/2013/texmf-dist/tex/latex/elsarticle/elsarticle.cls
Document Class: elsarticle 2009/09/17, 1.2.0: Elsevier Ltd
\@bls=\dimen102
(/usr/local/texlive/2013/texmf-dist/tex/latex/base/article.cls
Document Class: article 2007/10/19 v1.4h Standard LaTeX document class
(/usr/local/texlive/2013/texmf-dist/tex/latex/base/size10.clo
File: size10.clo 2007/10/19 v1.4h Standard LaTeX file (size option)
)
\c@part=\count79
\c@section=\count80
\c@subsection=\count81
\c@subsubsection=\count82
\c@paragraph=\count83
\c@subparagraph=\count84
\c@figure=\count85
\c@table=\count86
\abovecaptionskip=\skip41
\belowcaptionskip=\skip42
\bibindent=\dimen103
)
(/usr/local/texlive/2013/texmf-dist/tex/latex/graphics/graphicx.sty
Package: graphicx 1999/02/16 v1.0f Enhanced LaTeX Graphics (DPC,SPQR)

(/usr/local/texlive/2013/texmf-dist/tex/latex/graphics/keyval.sty
Package: keyval 1999/03/16 v1.13 key=value parser (DPC)
\KV@toks@=\toks14
)
(/usr/local/texlive/2013/texmf-dist/tex/latex/graphics/graphics.sty
Package: graphics 2009/02/05 v1.0o Standard LaTeX Graphics (DPC,SPQR)

(/usr/local/texlive/2013/texmf-dist/tex/latex/graphics/trig.sty
Package: trig 1999/03/16 v1.09 sin cos tan (DPC)
)
(/usr/local/texlive/2013/texmf-dist/tex/latex/latexconfig/graphics.cfg
File: graphics.cfg 2010/04/23 v1.9 graphics configuration of TeX Live
)
Package graphics Info: Driver file: pdftex.def on input line 91.

(/usr/local/texlive/2013/texmf-dist/tex/latex/pdftex-def/pdftex.def
File: pdftex.def 2011/05/27 v0.06d Graphics/color for pdfTeX

(/usr/local/texlive/2013/texmf-dist/tex/generic/oberdiek/infwarerr.sty
Package: infwarerr 2010/04/08 v1.3 Providing info/warning/error messages (HO)
)
(/usr/local/texlive/2013/texmf-dist/tex/generic/oberdiek/ltxcmds.sty
Package: ltxcmds 2011/11/09 v1.22 LaTeX kernel commands for general use (HO)
)
\Gread@gobject=\count87
))
\Gin@req@height=\dimen104
\Gin@req@width=\dimen105
)
(/usr/local/texlive/2013/texmf-dist/tex/latex/psnfss/pifont.sty
Package: pifont 2005/04/12 PSNFSS-v9.2a Pi font support (SPQR) 
LaTeX Font Info:    Try loading font information for U+pzd on input line 63.

(/usr/local/texlive/2013/texmf-dist/tex/latex/psnfss/upzd.fd
File: upzd.fd 2001/06/04 font definitions for U/pzd.
)
LaTeX Font Info:    Try loading font information for U+psy on input line 64.

(/usr/local/texlive/2013/texmf-dist/tex/latex/psnfss/upsy.fd
File: upsy.fd 2001/06/04 font definitions for U/psy.
))
\c@tnote=\count88
\c@fnote=\count89
\c@cnote=\count90
\c@ead=\count91
\c@author=\count92
\@eadauthor=\toks15
\c@affn=\count93
\absbox=\box26
\keybox=\box27
\Columnwidth=\dimen106
\space@left=\dimen107
\els@boxa=\box28
\els@boxb=\box29
\leftMargin=\dimen108
\@enLab=\toks16
\@sep=\skip43
\@@sep=\skip44

(./Modulo Unrolling in Chapel (JPC).spl)
(/usr/local/texlive/2013/texmf-dist/tex/latex/natbib/natbib.sty
Package: natbib 2010/09/13 8.31b (PWD, AO)
\bibhang=\skip45
\bibsep=\skip46
LaTeX Info: Redefining \cite on input line 694.
\c@NAT@ctr=\count94
)
\splwrite=\write3
\openout3 = `"Modulo Unrolling in Chapel (JPC).spl"'.

)
(/usr/local/texlive/2013/texmf-dist/tex/latex/tools/verbatim.sty
Package: verbatim 2003/08/22 v1.5q LaTeX2e package for verbatim enhancements
\every@verbatim=\toks17
\verbatim@line=\toks18
\verbatim@in@stream=\read1
)
(/usr/local/texlive/2013/texmf-dist/tex/latex/url/url.sty
\Urlmuskip=\muskip10
Package: url 2006/04/12  ver 3.3  Verb mode for urls, etc.
)
(/usr/local/texlive/2013/texmf-dist/tex/latex/lineno/lineno.sty
Package: lineno 2005/11/02 line numbers on paragraphs v4.41
\linenopenalty=\count95
\output=\toks19
\linenoprevgraf=\count96
\linenumbersep=\dimen109
\linenumberwidth=\dimen110
\c@linenumber=\count97
\c@pagewiselinenumber=\count98
\c@LN@truepage=\count99
\c@internallinenumber=\count100
\c@internallinenumbers=\count101
\quotelinenumbersep=\dimen111
\bframerule=\dimen112
\bframesep=\dimen113
\bframebox=\box30
LaTeX Info: Redefining \\ on input line 3056.
)
(/usr/local/texlive/2013/texmf-dist/tex/latex/hyperref/hyperref.sty
Package: hyperref 2012/11/06 v6.83m Hypertext links for LaTeX

(/usr/local/texlive/2013/texmf-dist/tex/generic/oberdiek/hobsub-hyperref.sty
Package: hobsub-hyperref 2012/05/28 v1.13 Bundle oberdiek, subset hyperref (HO)


(/usr/local/texlive/2013/texmf-dist/tex/generic/oberdiek/hobsub-generic.sty
Package: hobsub-generic 2012/05/28 v1.13 Bundle oberdiek, subset generic (HO)
Package: hobsub 2012/05/28 v1.13 Construct package bundles (HO)
Package hobsub Info: Skipping package `infwarerr' (already loaded).
Package hobsub Info: Skipping package `ltxcmds' (already loaded).
Package: ifluatex 2010/03/01 v1.3 Provides the ifluatex switch (HO)
Package ifluatex Info: LuaTeX not detected.
Package: ifvtex 2010/03/01 v1.5 Detect VTeX and its facilities (HO)
Package ifvtex Info: VTeX not detected.
Package: intcalc 2007/09/27 v1.1 Expandable calculations with integers (HO)
Package: ifpdf 2011/01/30 v2.3 Provides the ifpdf switch (HO)
Package ifpdf Info: pdfTeX in PDF mode is detected.
Package: etexcmds 2011/02/16 v1.5 Avoid name clashes with e-TeX commands (HO)
Package etexcmds Info: Could not find \expanded.
(etexcmds)             That can mean that you are not using pdfTeX 1.50 or
(etexcmds)             that some package has redefined \expanded.
(etexcmds)             In the latter case, load this package earlier.
Package: kvsetkeys 2012/04/25 v1.16 Key value parser (HO)
Package: kvdefinekeys 2011/04/07 v1.3 Define keys (HO)
Package: pdftexcmds 2011/11/29 v0.20 Utility functions of pdfTeX for LuaTeX (HO
)
Package pdftexcmds Info: LuaTeX not detected.
Package pdftexcmds Info: \pdf@primitive is available.
Package pdftexcmds Info: \pdf@ifprimitive is available.
Package pdftexcmds Info: \pdfdraftmode found.
Package: pdfescape 2011/11/25 v1.13 Implements pdfTeX's escape features (HO)
Package: bigintcalc 2012/04/08 v1.3 Expandable calculations on big integers (HO
)
Package: bitset 2011/01/30 v1.1 Handle bit-vector datatype (HO)
Package: uniquecounter 2011/01/30 v1.2 Provide unlimited unique counter (HO)
)
Package hobsub Info: Skipping package `hobsub' (already loaded).
Package: letltxmacro 2010/09/02 v1.4 Let assignment for LaTeX macros (HO)
Package: hopatch 2012/05/28 v1.2 Wrapper for package hooks (HO)
Package: xcolor-patch 2011/01/30 xcolor patch
Package: atveryend 2011/06/30 v1.8 Hooks at the very end of document (HO)
Package atveryend Info: \enddocument detected (standard20110627).
Package: atbegshi 2011/10/05 v1.16 At begin shipout hook (HO)
Package: refcount 2011/10/16 v3.4 Data extraction from label references (HO)
Package: hycolor 2011/01/30 v1.7 Color options for hyperref/bookmark (HO)
)
(/usr/local/texlive/2013/texmf-dist/tex/generic/ifxetex/ifxetex.sty
Package: ifxetex 2010/09/12 v0.6 Provides ifxetex conditional
)
(/usr/local/texlive/2013/texmf-dist/tex/latex/oberdiek/auxhook.sty
Package: auxhook 2011/03/04 v1.3 Hooks for auxiliary files (HO)
)
(/usr/local/texlive/2013/texmf-dist/tex/latex/oberdiek/kvoptions.sty
Package: kvoptions 2011/06/30 v3.11 Key value format for package options (HO)
)
\@linkdim=\dimen114
\Hy@linkcounter=\count102
\Hy@pagecounter=\count103

(/usr/local/texlive/2013/texmf-dist/tex/latex/hyperref/pd1enc.def
File: pd1enc.def 2012/11/06 v6.83m Hyperref: PDFDocEncoding definition (HO)
)
\Hy@SavedSpaceFactor=\count104

(/usr/local/texlive/2013/texmf-dist/tex/latex/latexconfig/hyperref.cfg
File: hyperref.cfg 2002/06/06 v1.2 hyperref configuration of TeXLive
)
Package hyperref Info: Hyper figures OFF on input line 4443.
Package hyperref Info: Link nesting OFF on input line 4448.
Package hyperref Info: Hyper index ON on input line 4451.
Package hyperref Info: Plain pages OFF on input line 4458.
Package hyperref Info: Backreferencing OFF on input line 4463.
Package hyperref Info: Implicit mode ON; LaTeX internals redefined.
Package hyperref Info: Bookmarks ON on input line 4688.
\c@Hy@tempcnt=\count105
LaTeX Info: Redefining \url on input line 5041.
\XeTeXLinkMargin=\dimen115
\Fld@menulength=\count106
\Field@Width=\dimen116
\Fld@charsize=\dimen117
Package hyperref Info: Hyper figures OFF on input line 6295.
Package hyperref Info: Link nesting OFF on input line 6300.
Package hyperref Info: Hyper index ON on input line 6303.
Package hyperref Info: backreferencing OFF on input line 6310.
Package hyperref Info: Link coloring OFF on input line 6315.
Package hyperref Info: Link coloring with OCG OFF on input line 6320.
Package hyperref Info: PDF/A mode OFF on input line 6325.
LaTeX Info: Redefining \ref on input line 6365.
LaTeX Info: Redefining \pageref on input line 6369.
\Hy@abspage=\count107
\c@Item=\count108
\c@Hfootnote=\count109
)

Package hyperref Message: Driver (autodetected): hpdftex.

(/usr/local/texlive/2013/texmf-dist/tex/latex/hyperref/hpdftex.def
File: hpdftex.def 2012/11/06 v6.83m Hyperref driver for pdfTeX
\Fld@listcount=\count110
\c@bookmark@seq@number=\count111

(/usr/local/texlive/2013/texmf-dist/tex/latex/oberdiek/rerunfilecheck.sty
Package: rerunfilecheck 2011/04/15 v1.7 Rerun checks for auxiliary files (HO)
Package uniquecounter Info: New unique counter `rerunfilecheck' on input line 2
82.
)
\Hy@SectionHShift=\skip47
)
(/usr/local/texlive/2013/texmf-dist/tex/latex/amsfonts/amssymb.sty
Package: amssymb 2013/01/14 v3.01 AMS font symbols

(/usr/local/texlive/2013/texmf-dist/tex/latex/amsfonts/amsfonts.sty
Package: amsfonts 2013/01/14 v3.01 Basic AMSFonts support
\@emptytoks=\toks20
\symAMSa=\mathgroup4
\symAMSb=\mathgroup5
LaTeX Font Info:    Overwriting math alphabet `\mathfrak' in version `bold'
(Font)                  U/euf/m/n --> U/euf/b/n on input line 106.
))
(./Modulo Unrolling in Chapel (JPC).aux)
\openout1 = `"Modulo Unrolling in Chapel (JPC).aux"'.

LaTeX Font Info:    Checking defaults for OML/cmm/m/it on input line 43.
LaTeX Font Info:    ... okay on input line 43.
LaTeX Font Info:    Checking defaults for T1/cmr/m/n on input line 43.
LaTeX Font Info:    ... okay on input line 43.
LaTeX Font Info:    Checking defaults for OT1/cmr/m/n on input line 43.
LaTeX Font Info:    ... okay on input line 43.
LaTeX Font Info:    Checking defaults for OMS/cmsy/m/n on input line 43.
LaTeX Font Info:    ... okay on input line 43.
LaTeX Font Info:    Checking defaults for OMX/cmex/m/n on input line 43.
LaTeX Font Info:    ... okay on input line 43.
LaTeX Font Info:    Checking defaults for U/cmr/m/n on input line 43.
LaTeX Font Info:    ... okay on input line 43.
LaTeX Font Info:    Checking defaults for PD1/pdf/m/n on input line 43.
LaTeX Font Info:    ... okay on input line 43.

(/usr/local/texlive/2013/texmf-dist/tex/context/base/supp-pdf.mkii
[Loading MPS to PDF converter (version 2006.09.02).]
\scratchcounter=\count112
\scratchdimen=\dimen118
\scratchbox=\box31
\nofMPsegments=\count113
\nofMParguments=\count114
\everyMPshowfont=\toks21
\MPscratchCnt=\count115
\MPscratchDim=\dimen119
\MPnumerator=\count116
\makeMPintoPDFobject=\count117
\everyMPtoPDFconversion=\toks22
) (/usr/local/texlive/2013/texmf-dist/tex/latex/oberdiek/epstopdf-base.sty
Package: epstopdf-base 2010/02/09 v2.5 Base part for package epstopdf

(/usr/local/texlive/2013/texmf-dist/tex/latex/oberdiek/grfext.sty
Package: grfext 2010/08/19 v1.1 Manage graphics extensions (HO)
)
Package grfext Info: Graphics extension search list:
(grfext)             [.png,.pdf,.jpg,.mps,.jpeg,.jbig2,.jb2,.PNG,.PDF,.JPG,.JPE
G,.JBIG2,.JB2,.eps]
(grfext)             \AppendGraphicsExtensions on input line 452.

(/usr/local/texlive/2013/texmf-dist/tex/latex/latexconfig/epstopdf-sys.cfg
File: epstopdf-sys.cfg 2010/07/13 v1.3 Configuration of (r)epstopdf for TeX Liv
e
))
\AtBeginShipoutBox=\box32
Package hyperref Info: Link coloring OFF on input line 43.

(/usr/local/texlive/2013/texmf-dist/tex/latex/hyperref/nameref.sty
Package: nameref 2012/10/27 v2.43 Cross-referencing by name of section

(/usr/local/texlive/2013/texmf-dist/tex/generic/oberdiek/gettitlestring.sty
Package: gettitlestring 2010/12/03 v1.4 Cleanup title references (HO)
)
\c@section@level=\count118
)
LaTeX Info: Redefining \ref on input line 43.
LaTeX Info: Redefining \pageref on input line 43.
LaTeX Info: Redefining \nameref on input line 43.

(./Modulo Unrolling in Chapel (JPC).out)
(./Modulo Unrolling in Chapel (JPC).out)
\@outlinefile=\write4
\openout4 = `"Modulo Unrolling in Chapel (JPC).out"'.

 (./abstract.tex)
LaTeX Font Info:    Try loading font information for U+msa on input line 76.

(/usr/local/texlive/2013/texmf-dist/tex/latex/amsfonts/umsa.fd
File: umsa.fd 2013/01/14 v3.01 AMS symbols A
)
LaTeX Font Info:    Try loading font information for U+msb on input line 76.

(/usr/local/texlive/2013/texmf-dist/tex/latex/amsfonts/umsb.fd
File: umsb.fd 2013/01/14 v3.01 AMS symbols B
) [1


{/usr/local/texlive/2013/texmf-var/fonts/map/pdftex/updmap/pdftex.map}] (./intr
oduction.tex
[2]
LaTeX Font Info:    Try loading font information for OMS+cmr on input line 19.
 (/usr/local/texlive/2013/texmf-dist/tex/latex/base/omscmr.fd
File: omscmr.fd 1999/05/25 v2.5h Standard LaTeX font definitions
)
LaTeX Font Info:    Font shape `OMS/cmr/m/n' in size <10> not available
(Font)              Font shape `OMS/cmsy/m/n' tried instead on input line 19.
 [3] [4]
[5]) (./data_distributions.tex [6]
<./Figures/block_dist.pdf, id=155, 456.84982pt x 312.59174pt>
File: ./Figures/block_dist.pdf Graphic file (type pdf)

<use ./Figures/block_dist.pdf>
Package pdftex.def Info: ./Figures/block_dist.pdf used on input line 7.
(pdftex.def)             Requested size: 345.0pt x 236.06017pt.

<./Figures/cyc_dist.pdf, id=156, 455.31497pt x 310.29929pt>
File: ./Figures/cyc_dist.pdf Graphic file (type pdf)

<use ./Figures/cyc_dist.pdf>
Package pdftex.def Info: ./Figures/cyc_dist.pdf used on input line 15.
(pdftex.def)             Requested size: 345.0pt x 235.11969pt.

<./Figures/block_cyc_dist.pdf, id=157, 456.55768pt x 310.69295pt>
File: ./Figures/block_cyc_dist.pdf Graphic file (type pdf)

<use ./Figures/block_cyc_dist.pdf>
Package pdftex.def Info: ./Figures/block_cyc_dist.pdf used on input line 23.
(pdftex.def)             Requested size: 345.0pt x 234.78745pt.
 [7] [8 <./Figures/block_dist.pdf>] [9 <./Figures/cyc_dist.pdf> <./Figures/bloc
k_cyc_dist.pdf>]) (./relwork.tex [10]
[11]
Overfull \hbox (5.1118pt too wide) in paragraph at lines 21--22
[]\OT1/cmr/m/n/10 Another com-mu-ni-ca-tion op-ti-miza-tion tar-get-ing the X10
 lan-guage [[]] achieves
 []

) (./modulo_unrolling.tex [12]
Package epstopdf Info: Source file: <./Figures/modulo_unrolling.eps>
(epstopdf)                    date: 2014-05-20 21:23:17
(epstopdf)                    size: 1497844 bytes
(epstopdf)             Output file: <./Figures/modulo_unrolling-eps-converted-t
o.pdf>
(epstopdf)                    date: 2014-05-20 21:24:43
(epstopdf)                    size: 69261 bytes
(epstopdf)             Command: <repstopdf --outfile=./Figures/modulo_unrolling
-eps-converted-to.pdf ./Figures/modulo_unrolling.eps>
(epstopdf)             \includegraphics on input line 9.
Package epstopdf Info: Output file is already uptodate.

<./Figures/modulo_unrolling-eps-converted-to.pdf, id=312, 519.9425pt x 475.7775
pt>
File: ./Figures/modulo_unrolling-eps-converted-to.pdf Graphic file (type pdf)
 <use ./Figures/modulo_unrolling-eps-converted-to.pdf>
Package pdftex.def Info: ./Figures/modulo_unrolling-eps-converted-to.pdf used o
n input line 9.
(pdftex.def)             Requested size: 345.0pt x 315.69112pt.
 [13] [14 <./Figures/modulo_unrolling-eps-converted-to.pdf>]) (./motivation_for
_aggregation.tex
<./Figures/jacobi.pdf, id=337, 460.60286pt x 248.61864pt>
File: ./Figures/jacobi.pdf Graphic file (type pdf)

<use ./Figures/jacobi.pdf>
Package pdftex.def Info: ./Figures/jacobi.pdf used on input line 9.
(pdftex.def)             Requested size: 345.0pt x 186.22072pt.

<./Figures/aggregation.pdf, id=338, 512.41312pt x 514.94324pt>
File: ./Figures/aggregation.pdf Graphic file (type pdf)

<use ./Figures/aggregation.pdf>
Package pdftex.def Info: ./Figures/aggregation.pdf used on input line 17.
(pdftex.def)             Requested size: 345.0pt x 346.69951pt.
 [15] [16 <./Figures/jacobi.pdf>] [17 <./Figures/aggregation.pdf>] [18]) (./tra
nsformation.tex
<./Figures/transformations.pdf, id=484, 708.78345pt x 526.0985pt>
File: ./Figures/transformations.pdf Graphic file (type pdf)

<use ./Figures/transformations.pdf>
Package pdftex.def Info: ./Figures/transformations.pdf used on input line 7.
(pdftex.def)             Requested size: 345.0pt x 256.0726pt.
 [19]
Underfull \hbox (badness 10000) in paragraph at lines 15--16

 []

LaTeX Font Info:    Font shape `OT1/cmtt/bx/n' in size <10> not available
(Font)              Font shape `OT1/cmtt/m/n' tried instead on input line 17.
LaTeX Font Info:    Try loading font information for OMS+cmtt on input line 17.

LaTeX Font Info:    No file OMScmtt.fd. on input line 17.

LaTeX Font Warning: Font shape `OMS/cmtt/m/n' undefined
(Font)              using `OMS/cmsy/m/n' instead
(Font)              for symbol `textbraceleft' on input line 17.


Underfull \hbox (badness 10000) in paragraph at lines 21--22

 []


Underfull \hbox (badness 10000) in paragraph at lines 23--24

 []


Underfull \hbox (badness 10000) in paragraph at lines 29--30

 []

[20] [21 <./Figures/transformations.pdf>] [22] [23] [24])
(./adaptation_in_chapel.tex [25]
<./Figures/affine_loop.pdf, id=611, 528.95787pt x 206.08725pt>
File: ./Figures/affine_loop.pdf Graphic file (type pdf)

<use ./Figures/affine_loop.pdf>
Package pdftex.def Info: ./Figures/affine_loop.pdf used on input line 23.
(pdftex.def)             Requested size: 345.0pt x 134.41737pt.
 [26]
<./Figures/cyclic_muwu_follower_before.pdf, id=622, 644.76338pt x 170.08142pt>
File: ./Figures/cyclic_muwu_follower_before.pdf Graphic file (type pdf)

<use ./Figures/cyclic_muwu_follower_before.pdf>
Package pdftex.def Info: ./Figures/cyclic_muwu_follower_before.pdf used on inpu
t line 45.
(pdftex.def)             Requested size: 345.0pt x 91.00693pt.

<./Figures/cyclic_muwu_follower_after.pdf, id=623, 685.3932pt x 417.00914pt>
File: ./Figures/cyclic_muwu_follower_after.pdf Graphic file (type pdf)

<use ./Figures/cyclic_muwu_follower_after.pdf>
Package pdftex.def Info: ./Figures/cyclic_muwu_follower_after.pdf used on input
 line 46.
(pdftex.def)             Requested size: 345.0pt x 209.91028pt.
 [27 <./Figures/affine_loop.pdf>] [28 <./Figures/cyclic_muwu_follower_before.pd
f> <./Figures/cyclic_muwu_follower_after.pdf>]
<./Figures/block_cyc_muwu_leader.pdf, id=748, 633.53381pt x 339.33606pt>
File: ./Figures/block_cyc_muwu_leader.pdf Graphic file (type pdf)

<use ./Figures/block_cyc_muwu_leader.pdf>
Package pdftex.def Info: ./Figures/block_cyc_muwu_leader.pdf used on input line
 56.
(pdftex.def)             Requested size: 345.0pt x 184.78691pt.
 [29 <./Figures/block_cyc_muwu_leader.pdf>]
Overfull \hbox (6.7263pt too wide) in paragraph at lines 74--75
\OT1/cmr/m/n/10 pointer, is com-mu-ni-cated to the lo-cal \OT1/cmtt/m/n/10 buf 
\OT1/cmr/m/n/10 in one mes-sage with the \OT1/cmtt/m/n/10 chpl[]comm[]gets
 []

[30] [31]) (./results.tex
<./Figures/Benchmarks.pdf, id=818, 428.5886pt x 296.31512pt>
File: ./Figures/Benchmarks.pdf Graphic file (type pdf)

<use ./Figures/Benchmarks.pdf>
Package pdftex.def Info: ./Figures/Benchmarks.pdf used on input line 7.
(pdftex.def)             Requested size: 345.0pt x 238.53543pt.
 [32] [33 <./Figures/Benchmarks.pdf>] [34]
Package epstopdf Info: Source file: <./Figures/runtimes.eps>
(epstopdf)                    date: 2014-08-04 20:19:49
(epstopdf)                    size: 357689 bytes
(epstopdf)             Output file: <./Figures/runtimes-eps-converted-to.pdf>
(epstopdf)                    date: 2014-08-04 20:22:43
(epstopdf)                    size: 102675 bytes
(epstopdf)             Command: <repstopdf --outfile=./Figures/runtimes-eps-con
verted-to.pdf ./Figures/runtimes.eps>
(epstopdf)             \includegraphics on input line 27.
Package epstopdf Info: Output file is already uptodate.

<./Figures/runtimes-eps-converted-to.pdf, id=858, 849.1725pt x 596.2275pt>
File: ./Figures/runtimes-eps-converted-to.pdf Graphic file (type pdf)

<use ./Figures/runtimes-eps-converted-to.pdf>
Package pdftex.def Info: ./Figures/runtimes-eps-converted-to.pdf used on input 
line 27.
(pdftex.def)             Requested size: 345.0pt x 242.23502pt.
Package epstopdf Info: Source file: <./Figures/message_counts.eps>
(epstopdf)                    date: 2014-08-04 20:22:06
(epstopdf)                    size: 365877 bytes
(epstopdf)             Output file: <./Figures/message_counts-eps-converted-to.
pdf>
(epstopdf)                    date: 2014-08-04 20:22:45
(epstopdf)                    size: 104945 bytes
(epstopdf)             Command: <repstopdf --outfile=./Figures/message_counts-e
ps-converted-to.pdf ./Figures/message_counts.eps>
(epstopdf)             \includegraphics on input line 37.
Package epstopdf Info: Output file is already uptodate.

<./Figures/message_counts-eps-converted-to.pdf, id=860, 849.1725pt x 596.2275pt
>
File: ./Figures/message_counts-eps-converted-to.pdf Graphic file (type pdf)
 <use ./Figures/message_counts-eps-converted-to.pdf>
Package pdftex.def Info: ./Figures/message_counts-eps-converted-to.pdf used on 
input line 37.
(pdftex.def)             Requested size: 345.0pt x 242.23502pt.
 [35] [36 <./Figures/runtimes-eps-converted-to.pdf>] [37 <./Figures/message_cou
nts-eps-converted-to.pdf>] [38] <./Figures/strong_scaling/pascal.pdf, id=893, 6
96.65034pt x 285.8425pt>
File: ./Figures/strong_scaling/pascal.pdf Graphic file (type pdf)

<use ./Figures/strong_scaling/pascal.pdf>
Package pdftex.def Info: ./Figures/strong_scaling/pascal.pdf used on input line
 53.
(pdftex.def)             Requested size: 345.0pt x 141.56007pt.
 [39 <./Figures/strong_scaling/pascal.pdf>]
<./Figures/strong_scaling/folding.pdf, id=957, 702.30472pt x 286.74608pt>
File: ./Figures/strong_scaling/folding.pdf Graphic file (type pdf)

<use ./Figures/strong_scaling/folding.pdf>
Package pdftex.def Info: ./Figures/strong_scaling/folding.pdf used on input lin
e 67.
(pdftex.def)             Requested size: 345.0pt x 140.8612pt.

<./Figures/strong_scaling/jacobi-2d.pdf, id=960, 702.81718pt x 282.77513pt>
File: ./Figures/strong_scaling/jacobi-2d.pdf Graphic file (type pdf)

<use ./Figures/strong_scaling/jacobi-2d.pdf>
Package pdftex.def Info: ./Figures/strong_scaling/jacobi-2d.pdf used on input l
ine 78.
(pdftex.def)             Requested size: 345.0pt x 138.80696pt.
 [40 <./Figures/strong_scaling/folding.pdf>]
<./Figures/strong_scaling/fdtd2d.pdf, id=1009, 691.99863pt x 291.17502pt>
File: ./Figures/strong_scaling/fdtd2d.pdf Graphic file (type pdf)

<use ./Figures/strong_scaling/fdtd2d.pdf>
Package pdftex.def Info: ./Figures/strong_scaling/fdtd2d.pdf used on input line
 88.
(pdftex.def)             Requested size: 345.0pt x 145.16951pt.

<./Figures/input_variation_exp/pascal.pdf, id=1010, 700.8911pt x 284.62688pt>
File: ./Figures/input_variation_exp/pascal.pdf Graphic file (type pdf)

<use ./Figures/input_variation_exp/pascal.pdf>
Package pdftex.def Info: ./Figures/input_variation_exp/pascal.pdf used on input
 line 98.
(pdftex.def)             Requested size: 345.0pt x 140.10246pt.
 [41 <./Figures/strong_scaling/jacobi-2d.pdf>] [42 <./Figures/strong_scaling/fd
td2d.pdf> <./Figures/input_variation_exp/pascal.pdf>]
<./Figures/input_variation_exp/folding.pdf, id=1149, 700.74506pt x 290.37282pt>
File: ./Figures/input_variation_exp/folding.pdf Graphic file (type pdf)
<use ./Figures/input_variation_exp/folding.pdf>
Package pdftex.def Info: ./Figures/input_variation_exp/folding.pdf used on inpu
t line 110.
(pdftex.def)             Requested size: 345.0pt x 142.96182pt.

<./Figures/input_variation_exp/jacobi-2d.pdf, id=1150, 691.24783pt x 284.62688p
t>
File: ./Figures/input_variation_exp/jacobi-2d.pdf Graphic file (type pdf)
 <use ./Figures/input_variation_exp/jacobi-2d.pdf>
Package pdftex.def Info: ./Figures/input_variation_exp/jacobi-2d.pdf used on in
put line 118.
(pdftex.def)             Requested size: 345.0pt x 142.06119pt.

<./Figures/input_variation_exp/fdtd2d.pdf, id=1151, 699.67305pt x 298.21573pt>
File: ./Figures/input_variation_exp/fdtd2d.pdf Graphic file (type pdf)

<use ./Figures/input_variation_exp/fdtd2d.pdf>
Package pdftex.def Info: ./Figures/input_variation_exp/fdtd2d.pdf used on input
 line 126.
(pdftex.def)             Requested size: 345.0pt x 147.04616pt.

<./Figures/blocksize_variation_exp/pascal.pdf, id=1152, 698.86853pt x 286.1865p
t>
File: ./Figures/blocksize_variation_exp/pascal.pdf Graphic file (type pdf)
 <use ./Figures/blocksize_variation_exp/pascal.pdf>
Package pdftex.def Info: ./Figures/blocksize_variation_exp/pascal.pdf used on i
nput line 136.
(pdftex.def)             Requested size: 345.0pt x 141.28064pt.
 [43] [44 <./Figures/input_variation_exp/folding.pdf> <./Figures/input_variatio
n_exp/jacobi-2d.pdf>]
[45 <./Figures/input_variation_exp/fdtd2d.pdf> <./Figures/blocksize_variation_e
xp/pascal.pdf>]
<./Figures/blocksize_variation_exp/jacobi-1d.pdf, id=1316, 699.4528pt x 287.352
54pt>
File: ./Figures/blocksize_variation_exp/jacobi-1d.pdf Graphic file (type pdf)
 <use ./Figures/blocksize_variation_exp/jacobi-1d.pdf>
Package pdftex.def Info: ./Figures/blocksize_variation_exp/jacobi-1d.pdf used o
n input line 148.
(pdftex.def)             Requested size: 345.0pt x 141.7335pt.
)
(./Modulo Unrolling in Chapel (JPC).bbl [46 <./Figures/blocksize_variation_exp/
jacobi-1d.pdf>] [47]
Underfull \hbox (badness 3884) in paragraph at lines 119--122
[][]\OT1/cmr/m/n/10 Polybench/C- The Poly-he-dral Bench-mark Suite[], []$\OT1/c
mtt/m/n/10 http : / / www . cse .
 []


Underfull \hbox (badness 10000) in paragraph at lines 119--122
\OT1/cmr/m/n/10 URL []$\OT1/cmtt/m/n/10 http : / / www . cse . ohio-[]state . e
du / []pouchet / software /
 []

)
Package atveryend Info: Empty hook `BeforeClearDocument' on input line 92.
 [48]
Package atveryend Info: Empty hook `AfterLastShipout' on input line 92.
 (./Modulo Unrolling in Chapel (JPC).aux)
Package atveryend Info: Executing hook `AtVeryEndDocument' on input line 92.
Package atveryend Info: Executing hook `AtEndAfterFileList' on input line 92.
Package rerunfilecheck Info: File `"Modulo Unrolling in Chapel (JPC)".out' has 
not changed.
(rerunfilecheck)             Checksum: 12B19988870D3B1429BC38A7A2D600C1;1464.


LaTeX Font Warning: Some font shapes were not available, defaults substituted.

Package atveryend Info: Empty hook `AtVeryVeryEnd' on input line 92.
 ) 
Here is how much of TeX's memory you used:
 6598 strings out of 493315
 98764 string characters out of 6137904
 183627 words of memory out of 5000000
 9796 multiletter control sequences out of 15000+600000
 11118 words of font info for 43 fonts, out of 8000000 for 9000
 957 hyphenation exceptions out of 8191
 34i,8n,30p,1683b,470s stack positions out of 5000i,500n,10000p,200000b,80000s
</usr/local/texlive/2013/texmf-dist/fonts/type1/public/amsfonts/cm/cmbx10.pfb
></usr/local/texlive/2013/texmf-dist/fonts/type1/public/amsfonts/cm/cmmi10.pfb>
</usr/local/texlive/2013/texmf-dist/fonts/type1/public/amsfonts/cm/cmmi6.pfb></
usr/local/texlive/2013/texmf-dist/fonts/type1/public/amsfonts/cm/cmmi7.pfb></us
r/local/texlive/2013/texmf-dist/fonts/type1/public/amsfonts/cm/cmmi8.pfb></usr/
local/texlive/2013/texmf-dist/fonts/type1/public/amsfonts/cm/cmr10.pfb></usr/lo
cal/texlive/2013/texmf-dist/fonts/type1/public/amsfonts/cm/cmr12.pfb></usr/loca
l/texlive/2013/texmf-dist/fonts/type1/public/amsfonts/cm/cmr6.pfb></usr/local/t
exlive/2013/texmf-dist/fonts/type1/public/amsfonts/cm/cmr7.pfb></usr/local/texl
ive/2013/texmf-dist/fonts/type1/public/amsfonts/cm/cmr8.pfb></usr/local/texlive
/2013/texmf-dist/fonts/type1/public/amsfonts/cm/cmsy10.pfb></usr/local/texlive/
2013/texmf-dist/fonts/type1/public/amsfonts/cm/cmsy8.pfb></usr/local/texlive/20
13/texmf-dist/fonts/type1/public/amsfonts/cm/cmti10.pfb></usr/local/texlive/201
3/texmf-dist/fonts/type1/public/amsfonts/cm/cmti7.pfb></usr/local/texlive/2013/
texmf-dist/fonts/type1/public/amsfonts/cm/cmti8.pfb></usr/local/texlive/2013/te
xmf-dist/fonts/type1/public/amsfonts/cm/cmtt10.pfb></usr/local/texlive/2013/tex
mf-dist/fonts/type1/public/amsfonts/cm/cmtt8.pfb></usr/local/texlive/2013/texmf
-dist/fonts/type1/public/amsfonts/symbols/msbm10.pfb>
Output written on "Modulo Unrolling in Chapel (JPC).pdf" (48 pages, 2526184 byt
es).
PDF statistics:
 1460 PDF objects out of 1728 (max. 8388607)
 1086 compressed objects within 11 object streams
 119 named destinations out of 1000 (max. 500000)
 289 words of extra memory for PDF output out of 10000 (max. 10000000)

