This is pdfTeX, Version 3.1415926-2.5-1.40.14 (TeX Live 2013) (format=pdflatex 2013.5.30)  19 SEP 2014 12:06
entering extended mode
 restricted \write18 enabled.
 %&-line parsing enabled.
**"Modulo Unrolling in Chapel PGAS2014.tex"
(./Modulo Unrolling in Chapel PGAS2014.tex
LaTeX2e <2011/06/27>
Babel <3.9f> and hyphenation patterns for 78 languages loaded.
(./sig-alternate.cls
(/usr/local/texlive/2013/texmf-dist/tex/latex/graphics/epsfig.sty
Package: epsfig 1999/02/16 v1.7a (e)psfig emulation (SPQR)

(/usr/local/texlive/2013/texmf-dist/tex/latex/graphics/graphicx.sty
Package: graphicx 1999/02/16 v1.0f Enhanced LaTeX Graphics (DPC,SPQR)

(/usr/local/texlive/2013/texmf-dist/tex/latex/graphics/keyval.sty
Package: keyval 1999/03/16 v1.13 key=value parser (DPC)
\KV@toks@=\toks14
)
(/usr/local/texlive/2013/texmf-dist/tex/latex/graphics/graphics.sty
Package: graphics 2009/02/05 v1.0o Standard LaTeX Graphics (DPC,SPQR)

(/usr/local/texlive/2013/texmf-dist/tex/latex/graphics/trig.sty
Package: trig 1999/03/16 v1.09 sin cos tan (DPC)
)
(/usr/local/texlive/2013/texmf-dist/tex/latex/latexconfig/graphics.cfg
File: graphics.cfg 2010/04/23 v1.9 graphics configuration of TeX Live
)
Package graphics Info: Driver file: pdftex.def on input line 91.

(/usr/local/texlive/2013/texmf-dist/tex/latex/pdftex-def/pdftex.def
File: pdftex.def 2011/05/27 v0.06d Graphics/color for pdfTeX

(/usr/local/texlive/2013/texmf-dist/tex/generic/oberdiek/infwarerr.sty
Package: infwarerr 2010/04/08 v1.3 Providing info/warning/error messages (HO)
)
(/usr/local/texlive/2013/texmf-dist/tex/generic/oberdiek/ltxcmds.sty
Package: ltxcmds 2011/11/09 v1.22 LaTeX kernel commands for general use (HO)
)
\Gread@gobject=\count79
))
\Gin@req@height=\dimen102
\Gin@req@width=\dimen103
)
\epsfxsize=\dimen104
\epsfysize=\dimen105
)
(/usr/local/texlive/2013/texmf-dist/tex/latex/amsfonts/amssymb.sty
Package: amssymb 2013/01/14 v3.01 AMS font symbols

(/usr/local/texlive/2013/texmf-dist/tex/latex/amsfonts/amsfonts.sty
Package: amsfonts 2013/01/14 v3.01 Basic AMSFonts support
\@emptytoks=\toks15
\symAMSa=\mathgroup4
\symAMSb=\mathgroup5
LaTeX Font Info:    Overwriting math alphabet `\mathfrak' in version `bold'
(Font)                  U/euf/m/n --> U/euf/b/n on input line 106.
))
(/usr/local/texlive/2013/texmf-dist/tex/latex/amsmath/amsmath.sty
Package: amsmath 2013/01/14 v2.14 AMS math features
\@mathmargin=\skip41

For additional information on amsmath, use the `?' option.
(/usr/local/texlive/2013/texmf-dist/tex/latex/amsmath/amstext.sty
Package: amstext 2000/06/29 v2.01

(/usr/local/texlive/2013/texmf-dist/tex/latex/amsmath/amsgen.sty
File: amsgen.sty 1999/11/30 v2.0
\@emptytoks=\toks16
\ex@=\dimen106
))
(/usr/local/texlive/2013/texmf-dist/tex/latex/amsmath/amsbsy.sty
Package: amsbsy 1999/11/29 v1.2d
\pmbraise@=\dimen107
)
(/usr/local/texlive/2013/texmf-dist/tex/latex/amsmath/amsopn.sty
Package: amsopn 1999/12/14 v2.01 operator names
)
\inf@bad=\count80
LaTeX Info: Redefining \frac on input line 210.
\uproot@=\count81
\leftroot@=\count82
LaTeX Info: Redefining \overline on input line 306.
\classnum@=\count83
\DOTSCASE@=\count84
LaTeX Info: Redefining \ldots on input line 378.
LaTeX Info: Redefining \dots on input line 381.
LaTeX Info: Redefining \cdots on input line 466.
\Mathstrutbox@=\box26
\strutbox@=\box27
\big@size=\dimen108
LaTeX Font Info:    Redeclaring font encoding OML on input line 566.
LaTeX Font Info:    Redeclaring font encoding OMS on input line 567.
\macc@depth=\count85
\c@MaxMatrixCols=\count86
\dotsspace@=\muskip10
\c@parentequation=\count87
\dspbrk@lvl=\count88
\tag@help=\toks17
\row@=\count89
\column@=\count90
\maxfields@=\count91
\andhelp@=\toks18
\eqnshift@=\dimen109
\alignsep@=\dimen110
\tagshift@=\dimen111
\tagwidth@=\dimen112
\totwidth@=\dimen113
\lineht@=\dimen114
\@envbody=\toks19
\multlinegap=\skip42
\multlinetaggap=\skip43
\mathdisplay@stack=\toks20
LaTeX Info: Redefining \[ on input line 2665.
LaTeX Info: Redefining \] on input line 2666.
)
Document Class 'sig-alternate' <23rd. May '12>. Modified by G.K.M. Tobin/Gerry 
Murray
Based in part upon document Style `acmconf' <22 May 89>. Hacked 4/91 by
shivers@cs.cmu.edu, 4/93 by theobald@cs.mcgill.ca
Excerpts were taken from (Journal Style) 'esub2acm.cls'.
****** Bugs/comments/suggestions/technicalities to Gerry Murray -- murray@hq.ac
m.org ******
Questions on the style, SIGS policies, etc. to Adrienne Griscti griscti@acm.org

\footheight=\dimen115
\@maxsep=\dimen116
\@dblmaxsep=\dimen117
\aucount=\count92
\originalaucount=\count93
\auwidth=\dimen118
\auskip=\dimen119
\auskipcount=\count94
\auskip=\dimen120
\allauboxes=\dimen121
\addauthors=\toks21
\addauflag=\count95
\subtitletext=\toks22
\savesection=\count96
\sectioncntr=\count97
\c@figure=\count98
\c@table=\count99
\titleboxnotes=\toks23
\titleboxnoteflag=\count100
Document Class: sig-alternate 2012/05/23 - V2.5 - based on acmproc.cls V1.3 <No
v. 30 '99>
(/usr/local/texlive/2013/texmf-dist/tex/latex/base/latexsym.sty
Package: latexsym 1998/08/17 v2.2e Standard LaTeX package (lasy symbols)
\symlasy=\mathgroup6
LaTeX Font Info:    Overwriting symbol font `lasy' in version `bold'
(Font)                  U/lasy/m/n --> U/lasy/b/n on input line 47.
)
\@acmtitlebox=\box28
\titlenotecount=\count101
\tntoks=\toks24
\tntokstwo=\toks25
\tntoksthree=\toks26
\tntoksfour=\toks27
\tntoksfive=\toks28
\catcount=\count102
\copyrightnotice=\toks29
\conf=\toks30
\confinfo=\toks31
\c@part=\count103
\c@section=\count104
\c@subsection=\count105
\c@subsubsection=\count106
\c@paragraph=\count107

Using 'Abbrev' bibliography style
LaTeX Info: Redefining \cite on input line 1211.
\bibindent=\dimen122
\colcntr=\count108
\saveb@x=\box29
\copyrtyr=\toks32
\acmcopyr=\toks33
\boilerplate=\toks34
\copyrightetc=\toks35
(/usr/local/texlive/2013/texmf-dist/tex/latex/base/fontenc.sty
Package: fontenc 2005/09/27 v1.99g Standard LaTeX package

(/usr/local/texlive/2013/texmf-dist/tex/latex/base/t1enc.def
File: t1enc.def 2005/09/27 v1.99g Standard LaTeX file
LaTeX Font Info:    Redeclaring font encoding T1 on input line 43.
)
LaTeX Font Info:    Try loading font information for T1+aer on input line 100.

(/usr/local/texlive/2013/texmf-dist/tex/latex/ae/t1aer.fd
File: t1aer.fd 1997/11/16 Font definitions for T1/aer.
)))
(/usr/local/texlive/2013/texmf-dist/tex/latex/tools/verbatim.sty
Package: verbatim 2003/08/22 v1.5q LaTeX2e package for verbatim enhancements
\every@verbatim=\toks36
\verbatim@line=\toks37
\verbatim@in@stream=\read1
)
(/usr/local/texlive/2013/texmf-dist/tex/latex/url/url.sty
\Urlmuskip=\muskip11
Package: url 2006/04/12  ver 3.3  Verb mode for urls, etc.
)
(./Modulo Unrolling in Chapel PGAS2014.aux)
\openout1 = `"Modulo Unrolling in Chapel PGAS2014.aux"'.

LaTeX Font Info:    Checking defaults for OML/cmm/m/it on input line 53.
LaTeX Font Info:    ... okay on input line 53.
LaTeX Font Info:    Checking defaults for T1/cmr/m/n on input line 53.
LaTeX Font Info:    ... okay on input line 53.
LaTeX Font Info:    Checking defaults for OT1/cmr/m/n on input line 53.
LaTeX Font Info:    ... okay on input line 53.
LaTeX Font Info:    Checking defaults for OMS/cmsy/m/n on input line 53.
LaTeX Font Info:    ... okay on input line 53.
LaTeX Font Info:    Checking defaults for OMX/cmex/m/n on input line 53.
LaTeX Font Info:    ... okay on input line 53.
LaTeX Font Info:    Checking defaults for U/cmr/m/n on input line 53.
LaTeX Font Info:    ... okay on input line 53.

(/usr/local/texlive/2013/texmf-dist/tex/context/base/supp-pdf.mkii
[Loading MPS to PDF converter (version 2006.09.02).]
\scratchcounter=\count109
\scratchdimen=\dimen123
\scratchbox=\box30
\nofMPsegments=\count110
\nofMParguments=\count111
\everyMPshowfont=\toks38
\MPscratchCnt=\count112
\MPscratchDim=\dimen124
\MPnumerator=\count113
\makeMPintoPDFobject=\count114
\everyMPtoPDFconversion=\toks39
) (/usr/local/texlive/2013/texmf-dist/tex/generic/oberdiek/pdftexcmds.sty
Package: pdftexcmds 2011/11/29 v0.20 Utility functions of pdfTeX for LuaTeX (HO
)

(/usr/local/texlive/2013/texmf-dist/tex/generic/oberdiek/ifluatex.sty
Package: ifluatex 2010/03/01 v1.3 Provides the ifluatex switch (HO)
Package ifluatex Info: LuaTeX not detected.
)
(/usr/local/texlive/2013/texmf-dist/tex/generic/oberdiek/ifpdf.sty
Package: ifpdf 2011/01/30 v2.3 Provides the ifpdf switch (HO)
Package ifpdf Info: pdfTeX in PDF mode is detected.
)
Package pdftexcmds Info: LuaTeX not detected.
Package pdftexcmds Info: \pdf@primitive is available.
Package pdftexcmds Info: \pdf@ifprimitive is available.
Package pdftexcmds Info: \pdfdraftmode found.
)
(/usr/local/texlive/2013/texmf-dist/tex/latex/oberdiek/epstopdf-base.sty
Package: epstopdf-base 2010/02/09 v2.5 Base part for package epstopdf

(/usr/local/texlive/2013/texmf-dist/tex/latex/oberdiek/grfext.sty
Package: grfext 2010/08/19 v1.1 Manage graphics extensions (HO)

(/usr/local/texlive/2013/texmf-dist/tex/generic/oberdiek/kvdefinekeys.sty
Package: kvdefinekeys 2011/04/07 v1.3 Define keys (HO)
))
(/usr/local/texlive/2013/texmf-dist/tex/latex/oberdiek/kvoptions.sty
Package: kvoptions 2011/06/30 v3.11 Key value format for package options (HO)

(/usr/local/texlive/2013/texmf-dist/tex/generic/oberdiek/kvsetkeys.sty
Package: kvsetkeys 2012/04/25 v1.16 Key value parser (HO)

(/usr/local/texlive/2013/texmf-dist/tex/generic/oberdiek/etexcmds.sty
Package: etexcmds 2011/02/16 v1.5 Avoid name clashes with e-TeX commands (HO)
Package etexcmds Info: Could not find \expanded.
(etexcmds)             That can mean that you are not using pdfTeX 1.50 or
(etexcmds)             that some package has redefined \expanded.
(etexcmds)             In the latter case, load this package earlier.
)))
Package grfext Info: Graphics extension search list:
(grfext)             [.png,.pdf,.jpg,.mps,.jpeg,.jbig2,.jb2,.PNG,.PDF,.JPG,.JPE
G,.JBIG2,.JB2,.eps]
(grfext)             \AppendGraphicsExtensions on input line 452.

(/usr/local/texlive/2013/texmf-dist/tex/latex/latexconfig/epstopdf-sys.cfg
File: epstopdf-sys.cfg 2010/07/13 v1.3 Configuration of (r)epstopdf for TeX Liv
e
))
LaTeX Font Info:    Try loading font information for U+msa on input line 129.

(/usr/local/texlive/2013/texmf-dist/tex/latex/amsfonts/umsa.fd
File: umsa.fd 2013/01/14 v3.01 AMS symbols A
)
LaTeX Font Info:    Try loading font information for U+msb on input line 129.

(/usr/local/texlive/2013/texmf-dist/tex/latex/amsfonts/umsb.fd
File: umsb.fd 2013/01/14 v3.01 AMS symbols B
)
LaTeX Font Info:    Try loading font information for U+lasy on input line 129.

(/usr/local/texlive/2013/texmf-dist/tex/latex/base/ulasy.fd
File: ulasy.fd 1998/08/17 v2.2e LaTeX symbol font definitions
) (./abstract.tex
Overfull \hbox (5.53288pt too wide) in paragraph at lines 3--4
\T1/aer/m/n/9 This pa-per presents mod-ulo un-rolling with-out un-rolling (mod-

 []

) (./introduction.tex
Underfull \vbox (badness 10000) has occurred while \output is active []


Underfull \vbox (badness 10000) has occurred while \output is active []

 [1{/usr/local/texlive/2013/texmf-var/fonts/map/pdftex/updmap/pdftex.map}


]
Overfull \hbox (1.77126pt too wide) in paragraph at lines 15--16
[]\T1/aer/m/n/9 Existing meth-ods for mes-sage pass-ing code gen-er-a-tion such

 []

LaTeX Font Info:    Try loading font information for T1+aett on input line 43.
(/usr/local/texlive/2013/texmf-dist/tex/latex/ae/t1aett.fd
File: t1aett.fd 1997/11/16 Font definitions for T1/aett.
))
(./data_distributions.tex
<./Figures/block_dist.pdf, id=16, 456.84982pt x 312.59174pt>
File: ./Figures/block_dist.pdf Graphic file (type pdf)

<use ./Figures/block_dist.pdf>
Package pdftex.def Info: ./Figures/block_dist.pdf used on input line 3.
(pdftex.def)             Requested size: 228.42435pt x 156.29549pt.

Underfull \vbox (badness 10000) has occurred while \output is active []

 [2]
<./Figures/cyc_dist.pdf, id=22, 455.31497pt x 310.29929pt>
File: ./Figures/cyc_dist.pdf Graphic file (type pdf)

<use ./Figures/cyc_dist.pdf>
Package pdftex.def Info: ./Figures/cyc_dist.pdf used on input line 11.
(pdftex.def)             Requested size: 227.65692pt x 155.14926pt.

<./Figures/block_cyc_dist.pdf, id=23, 456.55768pt x 310.69295pt>
File: ./Figures/block_cyc_dist.pdf Graphic file (type pdf)

<use ./Figures/block_cyc_dist.pdf>
Package pdftex.def Info: ./Figures/block_cyc_dist.pdf used on input line 19.
(pdftex.def)             Requested size: 228.27827pt x 155.34608pt.
) (./relwork.tex
Underfull \vbox (badness 10000) has occurred while \output is active []

 [3 <./Figures/block_dist.pdf> <./Figures/cyc_dist.pdf> <./Figures/block_cyc_di
st.pdf>]
Overfull \hbox (1.69893pt too wide) in paragraph at lines 15--16
\T1/aer/m/n/9 ga-tion on dis-tributed ar-rays has al-ready been done in Chapel.

 []


Underfull \vbox (badness 10000) has occurred while \output is active []


Overfull \hbox (4.07507pt too wide) in paragraph at lines 21--22
\T1/aer/m/n/9 lan-guage [2] achieves mes-sage ag-gre-ga-tion in dis-tributed lo
ops
 []

) (./modulo_unrolling.tex
Overfull \hbox (21.42812pt too wide) in paragraph at lines 1--1
[]\secfnt BACKGROUND ON MOD-ULO UN-ROLLING 
 []

[4]
Package epstopdf Info: Source file: <./Figures/modulo_unrolling.eps>
(epstopdf)                    date: 2014-05-20 21:23:17
(epstopdf)                    size: 1497844 bytes
(epstopdf)             Output file: <./Figures/modulo_unrolling-eps-converted-t
o.pdf>
(epstopdf)                    date: 2014-05-20 21:24:43
(epstopdf)                    size: 69261 bytes
(epstopdf)             Command: <repstopdf --outfile=./Figures/modulo_unrolling
-eps-converted-to.pdf ./Figures/modulo_unrolling.eps>
(epstopdf)             \includegraphics on input line 17.
Package epstopdf Info: Output file is already uptodate.

<./Figures/modulo_unrolling-eps-converted-to.pdf, id=117, 519.9425pt x 475.7775
pt>
File: ./Figures/modulo_unrolling-eps-converted-to.pdf Graphic file (type pdf)
 <use ./Figures/modulo_unrolling-eps-converted-to.pdf>
Package pdftex.def Info: ./Figures/modulo_unrolling-eps-converted-to.pdf used o
n input line 17.
(pdftex.def)             Requested size: 233.97197pt x 214.09789pt.
)
(./motivation_for_aggregation.tex
Overfull \hbox (5.87572pt too wide) in paragraph at lines 1--1
[]\secfnt INTUITION BE-HIND MES-SAGE AG-GRE-
 []

<./Figures/jacobi.pdf, id=118, 460.60286pt x 248.61864pt>
File: ./Figures/jacobi.pdf Graphic file (type pdf)

<use ./Figures/jacobi.pdf>
Package pdftex.def Info: ./Figures/jacobi.pdf used on input line 9.
(pdftex.def)             Requested size: 193.45187pt x 104.41911pt.
 [5 <./Figures/modulo_unrolling-eps-converted-to.pdf> <./Figures/jacobi.pdf>]
<./Figures/aggregation.pdf, id=164, 512.41312pt x 514.94324pt>
File: ./Figures/aggregation.pdf Graphic file (type pdf)

<use ./Figures/aggregation.pdf>
Package pdftex.def Info: ./Figures/aggregation.pdf used on input line 21.
(pdftex.def)             Requested size: 215.21204pt x 216.27467pt.

Overfull \hbox (2.4116pt too wide) in paragraph at lines 33--34
[]\T1/aer/m/n/9 If ar-rays $\OML/cmm/m/it/9 A$ \T1/aer/m/n/9 and $\OML/cmm/m/it
/9 A[]$ \T1/aer/m/n/9 are in-stead dis-tributed us-ing Chapel's
 []

) (./transformation.tex
Overfull \hbox (6.95459pt too wide) in paragraph at lines 3--4
\T1/aer/m/n/9 loop that com-putes on cycli-cally or block-cyclically dis-tribut
ed
 []

[6 <./Figures/aggregation.pdf>]
<./Figures/transformations.pdf, id=241, 708.78345pt x 526.0985pt>
File: ./Figures/transformations.pdf Graphic file (type pdf)

<use ./Figures/transformations.pdf>
Package pdftex.def Info: ./Figures/transformations.pdf used on input line 7.
(pdftex.def)             Requested size: 248.07793pt x 184.13722pt.

Overfull \hbox (8.07793pt too wide) in paragraph at lines 7--8
 [] 
 []


Underfull \hbox (badness 10000) in paragraph at lines 15--16

 []


LaTeX Font Warning: Font shape `T1/aett/bx/n' undefined
(Font)              using `T1/aett/m/n' instead on input line 17.


Underfull \hbox (badness 10000) in paragraph at lines 21--22

 []


Underfull \hbox (badness 10000) in paragraph at lines 23--24

 []


Underfull \hbox (badness 10000) in paragraph at lines 29--30

 []


Underfull \vbox (badness 1558) has occurred while \output is active []

 [7 <./Figures/transformations.pdf>]) (./adaptation_in_chapel.tex [8]
<./Figures/affine_loop.pdf, id=311, 528.95787pt x 206.08725pt>
File: ./Figures/affine_loop.pdf Graphic file (type pdf)

<use ./Figures/affine_loop.pdf>
Package pdftex.def Info: ./Figures/affine_loop.pdf used on input line 23.
(pdftex.def)             Requested size: 211.57939pt x 82.43343pt.

Underfull \vbox (badness 1178) has occurred while \output is active []


<./Figures/cyclic_muwu_follower.pdf, id=312, 686.4432pt x 363.74344pt>
File: ./Figures/cyclic_muwu_follower.pdf Graphic file (type pdf)

<use ./Figures/cyclic_muwu_follower.pdf>
Package pdftex.def Info: ./Figures/cyclic_muwu_follower.pdf used on input line 
47.
(pdftex.def)             Requested size: 274.57242pt x 145.49478pt.

Overfull \hbox (34.57242pt too wide) in paragraph at lines 47--48
 [] 
 []

[9 <./Figures/affine_loop.pdf> <./Figures/cyclic_muwu_follower.pdf>])
(./results.tex <./Figures/Benchmarks.pdf, id=397, 403.9944pt x 301.37183pt>
File: ./Figures/Benchmarks.pdf Graphic file (type pdf)

<use ./Figures/Benchmarks.pdf>
Package pdftex.def Info: ./Figures/Benchmarks.pdf used on input line 3.
(pdftex.def)             Requested size: 242.3985pt x 180.82448pt.

Overfull \hbox (2.3985pt too wide) in paragraph at lines 3--4
 [] 
 []


Overfull \hbox (4.38109pt too wide) in paragraph at lines 11--12
\T1/aer/m/n/9 teen bench-marks are taken from the Poly-bench suite of bench-
 []


Overfull \hbox (7.61073pt too wide) in paragraph at lines 17--18
\T1/aer/m/n/9 Block Cyclic dis-tri-bu-tion, we only ran two bench-marks (\T1/ae
r/m/it/9 jacobi-
 []


Underfull \vbox (badness 10000) has occurred while \output is active []

 [10 <./Figures/Benchmarks.pdf>]
Package epstopdf Info: Source file: <./Figures/runtimes.eps>
(epstopdf)                    date: 2014-08-04 20:19:49
(epstopdf)                    size: 357689 bytes
(epstopdf)             Output file: <./Figures/runtimes-eps-converted-to.pdf>
(epstopdf)                    date: 2014-08-04 20:22:43
(epstopdf)                    size: 102675 bytes
(epstopdf)             Command: <repstopdf --outfile=./Figures/runtimes-eps-con
verted-to.pdf ./Figures/runtimes.eps>
(epstopdf)             \includegraphics on input line 27.
Package epstopdf Info: Output file is already uptodate.

<./Figures/runtimes-eps-converted-to.pdf, id=421, 849.1725pt x 596.2275pt>
File: ./Figures/runtimes-eps-converted-to.pdf Graphic file (type pdf)

<use ./Figures/runtimes-eps-converted-to.pdf>
Package pdftex.def Info: ./Figures/runtimes-eps-converted-to.pdf used on input 
line 27.
(pdftex.def)             Requested size: 246.25371pt x 172.90154pt.

Overfull \hbox (6.25371pt too wide) in paragraph at lines 27--28
 [] 
 []

Package epstopdf Info: Source file: <./Figures/message_counts.eps>
(epstopdf)                    date: 2014-08-04 20:22:06
(epstopdf)                    size: 365877 bytes
(epstopdf)             Output file: <./Figures/message_counts-eps-converted-to.
pdf>
(epstopdf)                    date: 2014-08-04 20:22:45
(epstopdf)                    size: 104945 bytes
(epstopdf)             Command: <repstopdf --outfile=./Figures/message_counts-e
ps-converted-to.pdf ./Figures/message_counts.eps>
(epstopdf)             \includegraphics on input line 35.
Package epstopdf Info: Output file is already uptodate.

<./Figures/message_counts-eps-converted-to.pdf, id=422, 849.1725pt x 596.2275pt
>
File: ./Figures/message_counts-eps-converted-to.pdf Graphic file (type pdf)
 <use ./Figures/message_counts-eps-converted-to.pdf>
Package pdftex.def Info: ./Figures/message_counts-eps-converted-to.pdf used on 
input line 35.
(pdftex.def)             Requested size: 246.25371pt x 172.90154pt.

Overfull \hbox (6.25371pt too wide) in paragraph at lines 35--36
 [] 
 []

) (./future_work.tex) (./Modulo Unrolling in Chapel PGAS2014.bbl [11 <./Figures
/runtimes-eps-converted-to.pdf> <./Figures/message_counts-eps-converted-to.pdf>
]
Underfull \vbox (badness 10000) has occurred while \output is active []

) [12]
(./Modulo Unrolling in Chapel PGAS2014.aux)

LaTeX Font Warning: Some font shapes were not available, defaults substituted.

 ) 
Here is how much of TeX's memory you used:
 3063 strings out of 493315
 40889 string characters out of 6137904
 104432 words of memory out of 5000000
 6375 multiletter control sequences out of 15000+600000
 57573 words of font info for 76 fonts, out of 8000000 for 9000
 957 hyphenation exceptions out of 8191
 41i,10n,28p,1557b,275s stack positions out of 5000i,500n,10000p,200000b,80000s
{/usr/local/texlive/2013/texmf-dist/fonts/enc/dvips/base/8r.enc}</usr/local/t
exlive/2013/texmf-dist/fonts/type1/public/amsfonts/cm/cmbx9.pfb></usr/local/tex
live/2013/texmf-dist/fonts/type1/public/amsfonts/cm/cmbxti10.pfb></usr/local/te
xlive/2013/texmf-dist/fonts/type1/public/amsfonts/cm/cmmi6.pfb></usr/local/texl
ive/2013/texmf-dist/fonts/type1/public/amsfonts/cm/cmmi9.pfb></usr/local/texliv
e/2013/texmf-dist/fonts/type1/public/amsfonts/cm/cmr6.pfb></usr/local/texlive/2
013/texmf-dist/fonts/type1/public/amsfonts/cm/cmr9.pfb></usr/local/texlive/2013
/texmf-dist/fonts/type1/public/amsfonts/cm/cmsy9.pfb></usr/local/texlive/2013/t
exmf-dist/fonts/type1/public/amsfonts/cm/cmti9.pfb></usr/local/texlive/2013/tex
mf-dist/fonts/type1/public/amsfonts/cm/cmtt9.pfb></usr/local/texlive/2013/texmf
-dist/fonts/type1/public/amsfonts/symbols/msbm10.pfb></usr/local/texlive/2013/t
exmf-dist/fonts/type1/urw/helvetic/uhvb8a.pfb></usr/local/texlive/2013/texmf-di
st/fonts/type1/urw/helvetic/uhvr8a.pfb></usr/local/texlive/2013/texmf-dist/font
s/type1/urw/times/utmb8a.pfb></usr/local/texlive/2013/texmf-dist/fonts/type1/ur
w/times/utmr8a.pfb></usr/local/texlive/2013/texmf-dist/fonts/type1/urw/times/ut
mri8a.pfb>
Output written on "Modulo Unrolling in Chapel PGAS2014.pdf" (12 pages, 1013130 
bytes).
PDF statistics:
 485 PDF objects out of 1000 (max. 8388607)
 330 compressed objects within 4 object streams
 0 named destinations out of 1000 (max. 500000)
 61 words of extra memory for PDF output out of 10000 (max. 10000000)

